071381
071381
07138115
07138115
071381381
071381381
0713815
0713815
0713817
0713817
07138181
07138181
07151381
07151381
0715381
0715381
071581
071581
073811381
073811381
0738115
0738115
073815
073815
073817
073817
0738181
0738181
0751381
0751381
075381
075381
0771381
0771381
077381
077381
07811381
07811381
078115
078115
0781381
0781381
09146942164
09146942164
138107
138107
13810715
13810715
138107381
138107381
1381075
1381075
1381077
1381077
13810781
13810781
138115
138115
13811507
13811507
138115381
138115381
1381155
1381155
1381157
1381157
13811581
13811581
1381381
1381381
138138107
138138107
138138115
138138115
13813815
13813815
13813817
13813817
138138181
138138181
1381507
1381507
1381515
1381515
13815381
13815381
138157
138157
1381581
1381581
1381707
1381707
1381715
1381715
13817381
13817381
138175
138175
1381781
1381781
138181
138181
13818107
13818107
13818115
13818115
138181381
138181381
1381815
1381815
1381817
1381817
15071381
15071381
1507381
1507381
150781
150781
151381
151381
15138107
15138107
151381381
151381381
1513815
1513815
1513817
1513817
15138181
15138181
1538107
1538107
153811381
153811381
153815
153815
153817
153817
1538181
1538181
1551381
1551381
155381
155381
1571381
1571381
157381
157381
158107
158107
15811381
15811381
1581381
1581381
381071381
381071381
3810715
3810715
381075
381075
381077
381077
3810781
3810781
3811381
3811381
381138107
381138107
381138115
381138115
38113815
38113815
38113817
38113817
381138181
381138181
3811507
3811507
381151381
381151381
381155
381155
381157
381157
3811581
3811581
381507
381507
38151381
38151381
381515
381515
381581
381581
381707
381707
38171381
38171381
381715
381715
381781
381781
3818107
3818107
381811381
381811381
3818115
3818115
381815
381815
381817
381817
46124964190
46124964190
4vl4507
4vl45071381
4vl450715
4vl4507155
4vl4507157
4vl45071581
4vl4507381
4vl45073815
4vl45073817
4vl45075
4vl4507515
4vl45075381
4vl450757
4vl4507581
4vl45077
4vl4507715
4vl45077381
4vl450775
4vl4507781
4vl450781
4vl45078115
4vl4507815
4vl4507817
4vl451381
4vl45138107
4vl45138115
4vl4513815
4vl45138157
4vl4513817
4vl45138175
4vl45138181
4vl4515
4vl451507
4vl4515075
4vl4515077
4vl45150781
4vl45151381
4vl4515381
4vl45153815
4vl45153817
4vl45155
4vl4515507
4vl45155381
4vl451557
4vl4515581
4vl45157
4vl4515707
4vl45157381
4vl451575
4vl4515781
4vl451581
4vl45158107
4vl4515815
4vl4515817
4vl452008
4vl452009
4vl452010
4vl452011
4vl452012
4vl452013
4vl452014
4vl452015
4vl452016
4vl452017
4vl452018
4vl452019
4vl452020
4vl45381
4vl4538107
4vl45381075
4vl45381077
4vl4538115
4vl45381155
4vl45381157
4vl453815
4vl45381507
4vl45381515
4vl4538157
4vl45381581
4vl453817
4vl45381707
4vl45381715
4vl4538175
4vl45381781
4vl4538181
4vl45381815
4vl45381817
4vl455
4vl45507
4vl4550715
4vl45507381
4vl455077
4vl4550781
4vl4551381
4vl45513817
4vl45515
4vl4551507
4vl45515381
4vl455157
4vl4551581
4vl455381
4vl45538107
4vl45538115
4vl4553817
4vl45538181
4vl4557
4vl455707
4vl45571381
4vl455715
4vl4557381
4vl455781
4vl45581
4vl4558107
4vl4558115
4vl45581381
4vl455817
4vl457
4vl45707
4vl4570715
4vl45707381
4vl457075
4vl4570781
4vl4571381
4vl45713815
4vl45715
4vl4571507
4vl45715381
4vl457155
4vl4571581
4vl457381
4vl45738107
4vl45738115
4vl4573815
4vl45738181
4vl4575
4vl457507
4vl45751381
4vl457515
4vl4575381
4vl457581
4vl45781
4vl4578107
4vl4578115
4vl45781381
4vl457815
4vl4581
4vl458107
4vl45810715
4vl4581075
4vl4581077
4vl45811381
4vl458115
4vl45811507
4vl4581155
4vl4581157
4vl4581381
4vl45813815
4vl45813817
4vl45815
4vl4581507
4vl4581515
4vl45815381
4vl458157
4vl45817
4vl4581707
4vl4581715
4vl45817381
4vl458175
4vl45_07
4vl45_0715
4vl45_07155
4vl45_07157
4vl45_07381
4vl45_075
4vl45_07515
4vl45_0757
4vl45_07581
4vl45_077
4vl45_07715
4vl45_0775
4vl45_07781
4vl45_0781
4vl45_07815
4vl45_07817
4vl45_1381
4vl45_13815
4vl45_13817
4vl45_15
4vl45_1507
4vl45_15075
4vl45_15077
4vl45_15381
4vl45_155
4vl45_15507
4vl45_1557
4vl45_15581
4vl45_157
4vl45_15707
4vl45_1575
4vl45_15781
4vl45_1581
4vl45_15815
4vl45_15817
4vl45_2008
4vl45_2009
4vl45_2010
4vl45_2011
4vl45_2012
4vl45_2013
4vl45_2014
4vl45_2015
4vl45_2016
4vl45_2017
4vl45_2018
4vl45_2019
4vl45_2020
4vl45_381
4vl45_38107
4vl45_38115
4vl45_3815
4vl45_38157
4vl45_3817
4vl45_38175
4vl45_38181
4vl45_5
4vl45_507
4vl45_50715
4vl45_5077
4vl45_50781
4vl45_51381
4vl45_515
4vl45_51507
4vl45_5157
4vl45_51581
4vl45_5381
4vl45_53817
4vl45_57
4vl45_5707
4vl45_5715
4vl45_57381
4vl45_5781
4vl45_581
4vl45_58107
4vl45_58115
4vl45_5817
4vl45_7
4vl45_707
4vl45_70715
4vl45_7075
4vl45_70781
4vl45_71381
4vl45_715
4vl45_71507
4vl45_7155
4vl45_71581
4vl45_7381
4vl45_73815
4vl45_75
4vl45_7507
4vl45_7515
4vl45_75381
4vl45_7581
4vl45_781
4vl45_78107
4vl45_78115
4vl45_7815
4vl45_81
4vl45_8107
4vl45_81075
4vl45_81077
4vl45_8115
4vl45_81155
4vl45_81157
4vl45_81381
4vl45_815
4vl45_81507
4vl45_81515
4vl45_8157
4vl45_817
4vl45_81707
4vl45_81715
4vl45_8175
4vl4S07
4vl4S071381
4vl4S0715
4vl4S07155
4vl4S07157
4vl4S071581
4vl4S07381
4vl4S073815
4vl4S073817
4vl4S075
4vl4S07515
4vl4S075381
4vl4S0757
4vl4S07581
4vl4S077
4vl4S07715
4vl4S077381
4vl4S0775
4vl4S07781
4vl4S0781
4vl4S078115
4vl4S07815
4vl4S07817
4vl4S1381
4vl4S138107
4vl4S138115
4vl4S13815
4vl4S138157
4vl4S13817
4vl4S138175
4vl4S138181
4vl4S15
4vl4S1507
4vl4S15075
4vl4S15077
4vl4S150781
4vl4S151381
4vl4S15381
4vl4S153815
4vl4S153817
4vl4S155
4vl4S15507
4vl4S155381
4vl4S1557
4vl4S15581
4vl4S157
4vl4S15707
4vl4S157381
4vl4S1575
4vl4S15781
4vl4S1581
4vl4S158107
4vl4S15815
4vl4S15817
4vl4S2008
4vl4S2009
4vl4S2010
4vl4S2011
4vl4S2012
4vl4S2013
4vl4S2014
4vl4S2015
4vl4S2016
4vl4S2017
4vl4S2018
4vl4S2019
4vl4S2020
4vl4S381
4vl4S38107
4vl4S381075
4vl4S381077
4vl4S38115
4vl4S381155
4vl4S381157
4vl4S3815
4vl4S381507
4vl4S381515
4vl4S38157
4vl4S381581
4vl4S3817
4vl4S381707
4vl4S381715
4vl4S38175
4vl4S381781
4vl4S38181
4vl4S381815
4vl4S381817
4vl4S5
4vl4S507
4vl4S50715
4vl4S507381
4vl4S5077
4vl4S50781
4vl4S51381
4vl4S513817
4vl4S515
4vl4S51507
4vl4S515381
4vl4S5157
4vl4S51581
4vl4S5381
4vl4S538107
4vl4S538115
4vl4S53817
4vl4S538181
4vl4S57
4vl4S5707
4vl4S571381
4vl4S5715
4vl4S57381
4vl4S5781
4vl4S581
4vl4S58107
4vl4S58115
4vl4S581381
4vl4S5817
4vl4S7
4vl4S707
4vl4S70715
4vl4S707381
4vl4S7075
4vl4S70781
4vl4S71381
4vl4S713815
4vl4S715
4vl4S71507
4vl4S715381
4vl4S7155
4vl4S71581
4vl4S7381
4vl4S738107
4vl4S738115
4vl4S73815
4vl4S738181
4vl4S75
4vl4S7507
4vl4S751381
4vl4S7515
4vl4S75381
4vl4S7581
4vl4S781
4vl4S78107
4vl4S78115
4vl4S781381
4vl4S7815
4vl4S81
4vl4S8107
4vl4S810715
4vl4S81075
4vl4S81077
4vl4S811381
4vl4S8115
4vl4S811507
4vl4S81155
4vl4S81157
4vl4S81381
4vl4S813815
4vl4S813817
4vl4S815
4vl4S81507
4vl4S81515
4vl4S815381
4vl4S8157
4vl4S817
4vl4S81707
4vl4S81715
4vl4S817381
4vl4S8175
4vl4S_07
4vl4S_0715
4vl4S_07155
4vl4S_07157
4vl4S_07381
4vl4S_075
4vl4S_07515
4vl4S_0757
4vl4S_07581
4vl4S_077
4vl4S_07715
4vl4S_0775
4vl4S_07781
4vl4S_0781
4vl4S_07815
4vl4S_07817
4vl4S_1381
4vl4S_13815
4vl4S_13817
4vl4S_15
4vl4S_1507
4vl4S_15075
4vl4S_15077
4vl4S_15381
4vl4S_155
4vl4S_15507
4vl4S_1557
4vl4S_15581
4vl4S_157
4vl4S_15707
4vl4S_1575
4vl4S_15781
4vl4S_1581
4vl4S_15815
4vl4S_15817
4vl4S_2008
4vl4S_2009
4vl4S_2010
4vl4S_2011
4vl4S_2012
4vl4S_2013
4vl4S_2014
4vl4S_2015
4vl4S_2016
4vl4S_2017
4vl4S_2018
4vl4S_2019
4vl4S_2020
4vl4S_381
4vl4S_38107
4vl4S_38115
4vl4S_3815
4vl4S_38157
4vl4S_3817
4vl4S_38175
4vl4S_38181
4vl4S_5
4vl4S_507
4vl4S_50715
4vl4S_5077
4vl4S_50781
4vl4S_51381
4vl4S_515
4vl4S_51507
4vl4S_5157
4vl4S_51581
4vl4S_5381
4vl4S_53817
4vl4S_57
4vl4S_5707
4vl4S_5715
4vl4S_57381
4vl4S_5781
4vl4S_581
4vl4S_58107
4vl4S_58115
4vl4S_5817
4vl4S_7
4vl4S_707
4vl4S_70715
4vl4S_7075
4vl4S_70781
4vl4S_71381
4vl4S_715
4vl4S_71507
4vl4S_7155
4vl4S_71581
4vl4S_7381
4vl4S_73815
4vl4S_75
4vl4S_7507
4vl4S_7515
4vl4S_75381
4vl4S_7581
4vl4S_781
4vl4S_78107
4vl4S_78115
4vl4S_7815
4vl4S_81
4vl4S_8107
4vl4S_81075
4vl4S_81077
4vl4S_8115
4vl4S_81155
4vl4S_81157
4vl4S_81381
4vl4S_815
4vl4S_81507
4vl4S_81515
4vl4S_8157
4vl4S_817
4vl4S_81707
4vl4S_81715
4vl4S_8175
5071381
5071381
507381
507381
5138107
5138107
5138115
5138115
51381381
51381381
513817
513817
5138181
5138181
5151381
5151381
515381
515381
538107
538107
53811381
53811381
538115
538115
538181
538181
54lv407
54lv4071381
54lv40715
54lv407155
54lv407157
54lv4071581
54lv407381
54lv4073815
54lv4073817
54lv4075
54lv407515
54lv4075381
54lv40757
54lv407581
54lv4077
54lv407715
54lv4077381
54lv40775
54lv407781
54lv40781
54lv4078115
54lv407815
54lv407817
54lv41381
54lv4138107
54lv4138115
54lv413815
54lv4138157
54lv413817
54lv4138175
54lv4138181
54lv415
54lv41507
54lv415075
54lv415077
54lv4150781
54lv4151381
54lv415381
54lv4153815
54lv4153817
54lv4155
54lv415507
54lv4155381
54lv41557
54lv415581
54lv4157
54lv415707
54lv4157381
54lv41575
54lv415781
54lv41581
54lv4158107
54lv415815
54lv415817
54lv42008
54lv42009
54lv42010
54lv42011
54lv42012
54lv42013
54lv42014
54lv42015
54lv42016
54lv42017
54lv42018
54lv42019
54lv42020
54lv4381
54lv438107
54lv4381075
54lv4381077
54lv438115
54lv4381155
54lv4381157
54lv43815
54lv4381507
54lv4381515
54lv438157
54lv4381581
54lv43817
54lv4381707
54lv4381715
54lv438175
54lv4381781
54lv438181
54lv4381815
54lv4381817
54lv45
54lv4507
54lv450715
54lv4507381
54lv45077
54lv450781
54lv451381
54lv4513817
54lv4515
54lv451507
54lv4515381
54lv45157
54lv451581
54lv45381
54lv4538107
54lv4538115
54lv453817
54lv4538181
54lv457
54lv45707
54lv4571381
54lv45715
54lv457381
54lv45781
54lv4581
54lv458107
54lv458115
54lv4581381
54lv45817
54lv47
54lv4707
54lv470715
54lv4707381
54lv47075
54lv470781
54lv471381
54lv4713815
54lv4715
54lv471507
54lv4715381
54lv47155
54lv471581
54lv47381
54lv4738107
54lv4738115
54lv473815
54lv4738181
54lv475
54lv47507
54lv4751381
54lv47515
54lv475381
54lv47581
54lv4781
54lv478107
54lv478115
54lv4781381
54lv47815
54lv481
54lv48107
54lv4810715
54lv481075
54lv481077
54lv4811381
54lv48115
54lv4811507
54lv481155
54lv481157
54lv481381
54lv4813815
54lv4813817
54lv4815
54lv481507
54lv481515
54lv4815381
54lv48157
54lv4817
54lv481707
54lv481715
54lv4817381
54lv48175
54lv493m5nb
54lv4G3m5nb
54lv4Nb
54lv4Nb07
54lv4Nb0715
54lv4Nb075
54lv4Nb0757
54lv4Nb077
54lv4Nb0775
54lv4Nb0781
54lv4Nb1381
54lv4Nb15
54lv4Nb1507
54lv4Nb155
54lv4Nb1557
54lv4Nb157
54lv4Nb1575
54lv4Nb1581
54lv4Nb2008
54lv4Nb2009
54lv4Nb2010
54lv4Nb2011
54lv4Nb2012
54lv4Nb2013
54lv4Nb2014
54lv4Nb2015
54lv4Nb2016
54lv4Nb2017
54lv4Nb2018
54lv4Nb2019
54lv4Nb2020
54lv4Nb381
54lv4Nb3815
54lv4Nb3817
54lv4Nb5
54lv4Nb507
54lv4Nb5077
54lv4Nb515
54lv4Nb5157
54lv4Nb5381
54lv4Nb57
54lv4Nb5707
54lv4Nb5715
54lv4Nb5781
54lv4Nb581
54lv4Nb5817
54lv4Nb7
54lv4Nb707
54lv4Nb7075
54lv4Nb715
54lv4Nb7155
54lv4Nb7381
54lv4Nb75
54lv4Nb7507
54lv4Nb7515
54lv4Nb7581
54lv4Nb781
54lv4Nb7815
54lv4Nb81
54lv4Nb8107
54lv4Nb8115
54lv4Nb815
54lv4Nb8157
54lv4Nb817
54lv4Nb8175
54lv4Nb_07
54lv4Nb_075
54lv4Nb_077
54lv4Nb_15
54lv4Nb_155
54lv4Nb_157
54lv4Nb_381
54lv4Nb_5
54lv4Nb_507
54lv4Nb_515
54lv4Nb_57
54lv4Nb_581
54lv4Nb_7
54lv4Nb_707
54lv4Nb_715
54lv4Nb_75
54lv4Nb_781
54lv4Nb_81
54lv4Nb_815
54lv4Nb_817
54lv4_07
54lv4_0715
54lv4_07155
54lv4_07157
54lv4_07381
54lv4_075
54lv4_07515
54lv4_0757
54lv4_07581
54lv4_077
54lv4_07715
54lv4_0775
54lv4_07781
54lv4_0781
54lv4_07815
54lv4_07817
54lv4_1381
54lv4_13815
54lv4_13817
54lv4_15
54lv4_1507
54lv4_15075
54lv4_15077
54lv4_15381
54lv4_155
54lv4_15507
54lv4_1557
54lv4_15581
54lv4_157
54lv4_15707
54lv4_1575
54lv4_15781
54lv4_1581
54lv4_15815
54lv4_15817
54lv4_2008
54lv4_2009
54lv4_2010
54lv4_2011
54lv4_2012
54lv4_2013
54lv4_2014
54lv4_2015
54lv4_2016
54lv4_2017
54lv4_2018
54lv4_2019
54lv4_2020
54lv4_381
54lv4_38107
54lv4_38115
54lv4_3815
54lv4_38157
54lv4_3817
54lv4_38175
54lv4_38181
54lv4_5
54lv4_507
54lv4_50715
54lv4_5077
54lv4_50781
54lv4_51381
54lv4_515
54lv4_51507
54lv4_5157
54lv4_51581
54lv4_5381
54lv4_53817
54lv4_57
54lv4_5707
54lv4_5715
54lv4_57381
54lv4_5781
54lv4_581
54lv4_58107
54lv4_58115
54lv4_5817
54lv4_7
54lv4_707
54lv4_70715
54lv4_7075
54lv4_70781
54lv4_71381
54lv4_715
54lv4_71507
54lv4_7155
54lv4_71581
54lv4_7381
54lv4_73815
54lv4_75
54lv4_7507
54lv4_7515
54lv4_75381
54lv4_7581
54lv4_781
54lv4_78107
54lv4_78115
54lv4_7815
54lv4_81
54lv4_8107
54lv4_81075
54lv4_81077
54lv4_8115
54lv4_81155
54lv4_81157
54lv4_81381
54lv4_815
54lv4_81507
54lv4_81515
54lv4_8157
54lv4_817
54lv4_81707
54lv4_81715
54lv4_8175
54lv4nb
54lv4nb07
54lv4nb0715
54lv4nb075
54lv4nb0757
54lv4nb077
54lv4nb0775
54lv4nb0781
54lv4nb1381
54lv4nb15
54lv4nb1507
54lv4nb155
54lv4nb1557
54lv4nb157
54lv4nb1575
54lv4nb1581
54lv4nb2008
54lv4nb2009
54lv4nb2010
54lv4nb2011
54lv4nb2012
54lv4nb2013
54lv4nb2014
54lv4nb2015
54lv4nb2016
54lv4nb2017
54lv4nb2018
54lv4nb2019
54lv4nb2020
54lv4nb381
54lv4nb3815
54lv4nb3817
54lv4nb5
54lv4nb507
54lv4nb5077
54lv4nb515
54lv4nb5157
54lv4nb5381
54lv4nb57
54lv4nb5707
54lv4nb5715
54lv4nb5781
54lv4nb581
54lv4nb5817
54lv4nb7
54lv4nb707
54lv4nb7075
54lv4nb715
54lv4nb7155
54lv4nb7381
54lv4nb75
54lv4nb7507
54lv4nb7515
54lv4nb7581
54lv4nb781
54lv4nb7815
54lv4nb81
54lv4nb8107
54lv4nb8115
54lv4nb815
54lv4nb8157
54lv4nb817
54lv4nb8175
54lv4nb_07
54lv4nb_075
54lv4nb_077
54lv4nb_15
54lv4nb_155
54lv4nb_157
54lv4nb_381
54lv4nb_5
54lv4nb_507
54lv4nb_515
54lv4nb_57
54lv4nb_581
54lv4nb_7
54lv4nb_707
54lv4nb_715
54lv4nb_75
54lv4nb_781
54lv4nb_81
54lv4nb_815
54lv4nb_817
571381
571381
5811381
5811381
581381
581381
7071381
7071381
707381
707381
7138107
7138107
7138115
7138115
71381381
71381381
713815
713815
7138181
7138181
7151381
7151381
715381
715381
738107
738107
73811381
73811381
738115
738115
738181
738181
751381
751381
7811381
7811381
781381
781381
81071381
81071381
810715
810715
8107381
8107381
811381
811381
81138107
81138107
81138115
81138115
811381381
811381381
8113815
8113815
8113817
8113817
811507
811507
81151381
81151381
8115381
8115381
8138107
8138107
813811381
813811381
8138115
8138115
813815
813815
813817
813817
8151381
8151381
815381
815381
8171381
8171381
817381
817381
93m5nb
93m5nb07
93m5nb0715
93m5nb07155
93m5nb07157
93m5nb07381
93m5nb075
93m5nb07515
93m5nb0757
93m5nb07581
93m5nb077
93m5nb07715
93m5nb0775
93m5nb07781
93m5nb0781
93m5nb07815
93m5nb07817
93m5nb1381
93m5nb13815
93m5nb13817
93m5nb15
93m5nb1507
93m5nb15075
93m5nb15077
93m5nb15381
93m5nb155
93m5nb15507
93m5nb1557
93m5nb15581
93m5nb157
93m5nb15707
93m5nb1575
93m5nb15781
93m5nb1581
93m5nb15815
93m5nb15817
93m5nb2008
93m5nb2009
93m5nb2010
93m5nb2011
93m5nb2012
93m5nb2013
93m5nb2014
93m5nb2015
93m5nb2016
93m5nb2017
93m5nb2018
93m5nb2019
93m5nb2020
93m5nb381
93m5nb38107
93m5nb38115
93m5nb3815
93m5nb38157
93m5nb3817
93m5nb38175
93m5nb38181
93m5nb5
93m5nb507
93m5nb50715
93m5nb5077
93m5nb50781
93m5nb51381
93m5nb515
93m5nb51507
93m5nb5157
93m5nb51581
93m5nb5381
93m5nb53817
93m5nb54lv4
93m5nb57
93m5nb5707
93m5nb5715
93m5nb57381
93m5nb5781
93m5nb581
93m5nb58107
93m5nb58115
93m5nb5817
93m5nb7
93m5nb707
93m5nb70715
93m5nb7075
93m5nb70781
93m5nb71381
93m5nb715
93m5nb71507
93m5nb7155
93m5nb71581
93m5nb7381
93m5nb73815
93m5nb75
93m5nb7507
93m5nb7515
93m5nb75381
93m5nb7581
93m5nb781
93m5nb78107
93m5nb78115
93m5nb7815
93m5nb81
93m5nb8107
93m5nb81075
93m5nb81077
93m5nb8115
93m5nb81155
93m5nb81157
93m5nb81381
93m5nb815
93m5nb81507
93m5nb81515
93m5nb8157
93m5nb817
93m5nb81707
93m5nb81715
93m5nb8175
93m5nbNb
93m5nbNb07
93m5nbNb075
93m5nbNb077
93m5nbNb15
93m5nbNb155
93m5nbNb157
93m5nbNb381
93m5nbNb5
93m5nbNb507
93m5nbNb515
93m5nbNb57
93m5nbNb581
93m5nbNb7
93m5nbNb707
93m5nbNb715
93m5nbNb75
93m5nbNb781
93m5nbNb81
93m5nbNb815
93m5nbNb817
93m5nbNb_07
93m5nbNb_15
93m5nbNb_5
93m5nbNb_57
93m5nbNb_7
93m5nbNb_75
93m5nbNb_81
93m5nbS4lv4
93m5nb_07
93m5nb_0715
93m5nb_075
93m5nb_0757
93m5nb_077
93m5nb_0775
93m5nb_0781
93m5nb_1381
93m5nb_15
93m5nb_1507
93m5nb_155
93m5nb_1557
93m5nb_157
93m5nb_1575
93m5nb_1581
93m5nb_2008
93m5nb_2009
93m5nb_2010
93m5nb_2011
93m5nb_2012
93m5nb_2013
93m5nb_2014
93m5nb_2015
93m5nb_2016
93m5nb_2017
93m5nb_2018
93m5nb_2019
93m5nb_2020
93m5nb_381
93m5nb_3815
93m5nb_3817
93m5nb_5
93m5nb_507
93m5nb_5077
93m5nb_515
93m5nb_5157
93m5nb_5381
93m5nb_57
93m5nb_5707
93m5nb_5715
93m5nb_5781
93m5nb_581
93m5nb_5817
93m5nb_7
93m5nb_707
93m5nb_7075
93m5nb_715
93m5nb_7155
93m5nb_7381
93m5nb_75
93m5nb_7507
93m5nb_7515
93m5nb_7581
93m5nb_781
93m5nb_7815
93m5nb_81
93m5nb_8107
93m5nb_8115
93m5nb_815
93m5nb_8157
93m5nb_817
93m5nb_8175
93m5nbnb
93m5nbnb07
93m5nbnb075
93m5nbnb077
93m5nbnb15
93m5nbnb155
93m5nbnb157
93m5nbnb381
93m5nbnb5
93m5nbnb507
93m5nbnb515
93m5nbnb57
93m5nbnb581
93m5nbnb7
93m5nbnb707
93m5nbnb715
93m5nbnb75
93m5nbnb781
93m5nbnb81
93m5nbnb815
93m5nbnb817
93m5nbnb_07
93m5nbnb_15
93m5nbnb_5
93m5nbnb_57
93m5nbnb_7
93m5nbnb_75
93m5nbnb_81
G3m5nb
G3m5nb07
G3m5nb0715
G3m5nb07155
G3m5nb07157
G3m5nb07381
G3m5nb075
G3m5nb07515
G3m5nb0757
G3m5nb07581
G3m5nb077
G3m5nb07715
G3m5nb0775
G3m5nb07781
G3m5nb0781
G3m5nb07815
G3m5nb07817
G3m5nb1381
G3m5nb13815
G3m5nb13817
G3m5nb15
G3m5nb1507
G3m5nb15075
G3m5nb15077
G3m5nb15381
G3m5nb155
G3m5nb15507
G3m5nb1557
G3m5nb15581
G3m5nb157
G3m5nb15707
G3m5nb1575
G3m5nb15781
G3m5nb1581
G3m5nb15815
G3m5nb15817
G3m5nb2008
G3m5nb2009
G3m5nb2010
G3m5nb2011
G3m5nb2012
G3m5nb2013
G3m5nb2014
G3m5nb2015
G3m5nb2016
G3m5nb2017
G3m5nb2018
G3m5nb2019
G3m5nb2020
G3m5nb381
G3m5nb38107
G3m5nb38115
G3m5nb3815
G3m5nb38157
G3m5nb3817
G3m5nb38175
G3m5nb38181
G3m5nb5
G3m5nb507
G3m5nb50715
G3m5nb5077
G3m5nb50781
G3m5nb51381
G3m5nb515
G3m5nb51507
G3m5nb5157
G3m5nb51581
G3m5nb5381
G3m5nb53817
G3m5nb54lv4
G3m5nb57
G3m5nb5707
G3m5nb5715
G3m5nb57381
G3m5nb5781
G3m5nb581
G3m5nb58107
G3m5nb58115
G3m5nb5817
G3m5nb7
G3m5nb707
G3m5nb70715
G3m5nb7075
G3m5nb70781
G3m5nb71381
G3m5nb715
G3m5nb71507
G3m5nb7155
G3m5nb71581
G3m5nb7381
G3m5nb73815
G3m5nb75
G3m5nb7507
G3m5nb7515
G3m5nb75381
G3m5nb7581
G3m5nb781
G3m5nb78107
G3m5nb78115
G3m5nb7815
G3m5nb81
G3m5nb8107
G3m5nb81075
G3m5nb81077
G3m5nb8115
G3m5nb81155
G3m5nb81157
G3m5nb81381
G3m5nb815
G3m5nb81507
G3m5nb81515
G3m5nb8157
G3m5nb817
G3m5nb81707
G3m5nb81715
G3m5nb8175
G3m5nbNb
G3m5nbNb07
G3m5nbNb075
G3m5nbNb077
G3m5nbNb15
G3m5nbNb155
G3m5nbNb157
G3m5nbNb381
G3m5nbNb5
G3m5nbNb507
G3m5nbNb515
G3m5nbNb57
G3m5nbNb581
G3m5nbNb7
G3m5nbNb707
G3m5nbNb715
G3m5nbNb75
G3m5nbNb781
G3m5nbNb81
G3m5nbNb815
G3m5nbNb817
G3m5nbNb_07
G3m5nbNb_15
G3m5nbNb_5
G3m5nbNb_57
G3m5nbNb_7
G3m5nbNb_75
G3m5nbNb_81
G3m5nbS4lv4
G3m5nb_07
G3m5nb_0715
G3m5nb_075
G3m5nb_0757
G3m5nb_077
G3m5nb_0775
G3m5nb_0781
G3m5nb_1381
G3m5nb_15
G3m5nb_1507
G3m5nb_155
G3m5nb_1557
G3m5nb_157
G3m5nb_1575
G3m5nb_1581
G3m5nb_2008
G3m5nb_2009
G3m5nb_2010
G3m5nb_2011
G3m5nb_2012
G3m5nb_2013
G3m5nb_2014
G3m5nb_2015
G3m5nb_2016
G3m5nb_2017
G3m5nb_2018
G3m5nb_2019
G3m5nb_2020
G3m5nb_381
G3m5nb_3815
G3m5nb_3817
G3m5nb_5
G3m5nb_507
G3m5nb_5077
G3m5nb_515
G3m5nb_5157
G3m5nb_5381
G3m5nb_57
G3m5nb_5707
G3m5nb_5715
G3m5nb_5781
G3m5nb_581
G3m5nb_5817
G3m5nb_7
G3m5nb_707
G3m5nb_7075
G3m5nb_715
G3m5nb_7155
G3m5nb_7381
G3m5nb_75
G3m5nb_7507
G3m5nb_7515
G3m5nb_7581
G3m5nb_781
G3m5nb_7815
G3m5nb_81
G3m5nb_8107
G3m5nb_8115
G3m5nb_815
G3m5nb_8157
G3m5nb_817
G3m5nb_8175
G3m5nbnb
G3m5nbnb07
G3m5nbnb075
G3m5nbnb077
G3m5nbnb15
G3m5nbnb155
G3m5nbnb157
G3m5nbnb381
G3m5nbnb5
G3m5nbnb507
G3m5nbnb515
G3m5nbnb57
G3m5nbnb581
G3m5nbnb7
G3m5nbnb707
G3m5nbnb715
G3m5nbnb75
G3m5nbnb781
G3m5nbnb81
G3m5nbnb815
G3m5nbnb817
G3m5nbnb_07
G3m5nbnb_15
G3m5nbnb_5
G3m5nbnb_57
G3m5nbnb_7
G3m5nbnb_75
G3m5nbnb_81
Gemsnb
Gemsnb07
Gemsnb0715
Gemsnb07155
Gemsnb07157
Gemsnb07381
Gemsnb075
Gemsnb07515
Gemsnb0757
Gemsnb07581
Gemsnb077
Gemsnb07715
Gemsnb0775
Gemsnb07781
Gemsnb0781
Gemsnb07815
Gemsnb07817
Gemsnb1381
Gemsnb13815
Gemsnb13817
Gemsnb15
Gemsnb1507
Gemsnb15075
Gemsnb15077
Gemsnb15381
Gemsnb155
Gemsnb15507
Gemsnb1557
Gemsnb15581
Gemsnb157
Gemsnb15707
Gemsnb1575
Gemsnb15781
Gemsnb1581
Gemsnb15815
Gemsnb15817
Gemsnb2008
Gemsnb2009
Gemsnb2010
Gemsnb2011
Gemsnb2012
Gemsnb2013
Gemsnb2014
Gemsnb2015
Gemsnb2016
Gemsnb2017
Gemsnb2018
Gemsnb2019
Gemsnb2020
Gemsnb381
Gemsnb38107
Gemsnb38115
Gemsnb3815
Gemsnb38157
Gemsnb3817
Gemsnb38175
Gemsnb38181
Gemsnb5
Gemsnb507
Gemsnb50715
Gemsnb5077
Gemsnb50781
Gemsnb51381
Gemsnb515
Gemsnb51507
Gemsnb5157
Gemsnb51581
Gemsnb5381
Gemsnb53817
Gemsnb57
Gemsnb5707
Gemsnb5715
Gemsnb57381
Gemsnb5781
Gemsnb581
Gemsnb58107
Gemsnb58115
Gemsnb5817
Gemsnb7
Gemsnb707
Gemsnb70715
Gemsnb7075
Gemsnb70781
Gemsnb71381
Gemsnb715
Gemsnb71507
Gemsnb7155
Gemsnb71581
Gemsnb7381
Gemsnb73815
Gemsnb75
Gemsnb7507
Gemsnb7515
Gemsnb75381
Gemsnb7581
Gemsnb781
Gemsnb78107
Gemsnb78115
Gemsnb7815
Gemsnb81
Gemsnb8107
Gemsnb81075
Gemsnb81077
Gemsnb8115
Gemsnb81155
Gemsnb81157
Gemsnb81381
Gemsnb815
Gemsnb81507
Gemsnb81515
Gemsnb8157
Gemsnb817
Gemsnb81707
Gemsnb81715
Gemsnb8175
GemsnbNb
GemsnbNb07
GemsnbNb075
GemsnbNb077
GemsnbNb15
GemsnbNb155
GemsnbNb157
GemsnbNb381
GemsnbNb5
GemsnbNb507
GemsnbNb515
GemsnbNb57
GemsnbNb581
GemsnbNb7
GemsnbNb707
GemsnbNb715
GemsnbNb75
GemsnbNb781
GemsnbNb81
GemsnbNb815
GemsnbNb817
GemsnbNb_07
GemsnbNb_15
GemsnbNb_5
GemsnbNb_57
GemsnbNb_7
GemsnbNb_75
GemsnbNb_81
GemsnbSalva
Gemsnb_07
Gemsnb_0715
Gemsnb_075
Gemsnb_0757
Gemsnb_077
Gemsnb_0775
Gemsnb_0781
Gemsnb_1381
Gemsnb_15
Gemsnb_1507
Gemsnb_155
Gemsnb_1557
Gemsnb_157
Gemsnb_1575
Gemsnb_1581
Gemsnb_2008
Gemsnb_2009
Gemsnb_2010
Gemsnb_2011
Gemsnb_2012
Gemsnb_2013
Gemsnb_2014
Gemsnb_2015
Gemsnb_2016
Gemsnb_2017
Gemsnb_2018
Gemsnb_2019
Gemsnb_2020
Gemsnb_381
Gemsnb_3815
Gemsnb_3817
Gemsnb_5
Gemsnb_507
Gemsnb_5077
Gemsnb_515
Gemsnb_5157
Gemsnb_5381
Gemsnb_57
Gemsnb_5707
Gemsnb_5715
Gemsnb_5781
Gemsnb_581
Gemsnb_5817
Gemsnb_7
Gemsnb_707
Gemsnb_7075
Gemsnb_715
Gemsnb_7155
Gemsnb_7381
Gemsnb_75
Gemsnb_7507
Gemsnb_7515
Gemsnb_7581
Gemsnb_781
Gemsnb_7815
Gemsnb_81
Gemsnb_8107
Gemsnb_8115
Gemsnb_815
Gemsnb_8157
Gemsnb_817
Gemsnb_8175
Gemsnbnb
Gemsnbnb07
Gemsnbnb075
Gemsnbnb077
Gemsnbnb15
Gemsnbnb155
Gemsnbnb157
Gemsnbnb381
Gemsnbnb5
Gemsnbnb507
Gemsnbnb515
Gemsnbnb57
Gemsnbnb581
Gemsnbnb7
Gemsnbnb707
Gemsnbnb715
Gemsnbnb75
Gemsnbnb781
Gemsnbnb81
Gemsnbnb815
Gemsnbnb817
Gemsnbnb_07
Gemsnbnb_15
Gemsnbnb_5
Gemsnbnb_57
Gemsnbnb_7
Gemsnbnb_75
Gemsnbnb_81
Gemsnbsalva
N0b4r1
N0b4r12008
N0b4r12009
N0b4r12010
N0b4r12011
N0b4r12012
N0b4r12013
N0b4r12014
N0b4r12015
N0b4r12016
N0b4r12017
N0b4r12018
N0b4r12019
N0b4r12020
N0b4r1Nb
N0b4r1Nb_
N0b4r1_
N0b4r1_2008
N0b4r1_2009
N0b4r1_2010
N0b4r1_2011
N0b4r1_2012
N0b4r1_2013
N0b4r1_2014
N0b4r1_2015
N0b4r1_2016
N0b4r1_2017
N0b4r1_2018
N0b4r1_2019
N0b4r1_2020
N0b4r1nb
N0b4r1nb_
Nb071381
Nb071381
Nb07138115
Nb07138115
Nb071381381
Nb071381381
Nb0713815
Nb0713815
Nb0713817
Nb0713817
Nb07138181
Nb07138181
Nb0715
Nb0715
Nb07151381
Nb07151381
Nb0715381
Nb0715381
Nb07155
Nb07155
Nb07157
Nb07157
Nb071581
Nb071581
Nb07381
Nb07381
Nb073811381
Nb073811381
Nb0738115
Nb0738115
Nb073815
Nb073815
Nb073817
Nb073817
Nb0738181
Nb0738181
Nb0751381
Nb0751381
Nb07515
Nb07515
Nb075381
Nb075381
Nb0757
Nb0757
Nb07581
Nb07581
Nb0771381
Nb0771381
Nb07715
Nb07715
Nb077381
Nb077381
Nb0775
Nb0775
Nb07781
Nb07781
Nb0781
Nb0781
Nb07811381
Nb07811381
Nb078115
Nb078115
Nb0781381
Nb0781381
Nb07815
Nb07815
Nb07817
Nb07817
Nb1381
Nb1381
Nb138107
Nb138107
Nb13810715
Nb13810715
Nb138107381
Nb138107381
Nb1381075
Nb1381075
Nb1381077
Nb1381077
Nb13810781
Nb13810781
Nb138115
Nb138115
Nb13811507
Nb13811507
Nb138115381
Nb138115381
Nb1381155
Nb1381155
Nb1381157
Nb1381157
Nb13811581
Nb13811581
Nb1381381
Nb1381381
Nb138138107
Nb138138107
Nb138138115
Nb138138115
Nb13813815
Nb13813815
Nb13813817
Nb13813817
Nb138138181
Nb138138181
Nb13815
Nb13815
Nb1381507
Nb1381507
Nb1381515
Nb1381515
Nb13815381
Nb13815381
Nb138157
Nb138157
Nb1381581
Nb1381581
Nb13817
Nb13817
Nb1381707
Nb1381707
Nb1381715
Nb1381715
Nb13817381
Nb13817381
Nb138175
Nb138175
Nb1381781
Nb1381781
Nb138181
Nb138181
Nb13818107
Nb13818107
Nb13818115
Nb13818115
Nb138181381
Nb138181381
Nb1381815
Nb1381815
Nb1381817
Nb1381817
Nb1507
Nb1507
Nb15071381
Nb15071381
Nb1507381
Nb1507381
Nb15075
Nb15075
Nb15077
Nb15077
Nb150781
Nb150781
Nb151381
Nb151381
Nb15138107
Nb15138107
Nb151381381
Nb151381381
Nb1513815
Nb1513815
Nb1513817
Nb1513817
Nb15138181
Nb15138181
Nb15381
Nb15381
Nb1538107
Nb1538107
Nb153811381
Nb153811381
Nb153815
Nb153815
Nb153817
Nb153817
Nb1538181
Nb1538181
Nb15507
Nb15507
Nb1551381
Nb1551381
Nb155381
Nb155381
Nb1557
Nb1557
Nb15581
Nb15581
Nb15707
Nb15707
Nb1571381
Nb1571381
Nb157381
Nb157381
Nb1575
Nb1575
Nb15781
Nb15781
Nb1581
Nb1581
Nb158107
Nb158107
Nb15811381
Nb15811381
Nb1581381
Nb1581381
Nb15815
Nb15815
Nb15817
Nb15817
Nb2008
Nb2008
Nb2009
Nb2009
Nb2010
Nb2010
Nb2011
Nb2011
Nb2012
Nb2012
Nb2013
Nb2013
Nb2014
Nb2014
Nb2015
Nb2015
Nb2016
Nb2016
Nb2017
Nb2017
Nb2018
Nb2018
Nb2019
Nb2019
Nb2020
Nb2020
Nb38107
Nb38107
Nb381071381
Nb381071381
Nb3810715
Nb3810715
Nb381075
Nb381075
Nb381077
Nb381077
Nb3810781
Nb3810781
Nb3811381
Nb3811381
Nb381138107
Nb381138107
Nb381138115
Nb381138115
Nb38113815
Nb38113815
Nb38113817
Nb38113817
Nb381138181
Nb381138181
Nb38115
Nb38115
Nb3811507
Nb3811507
Nb381151381
Nb381151381
Nb381155
Nb381155
Nb381157
Nb381157
Nb3811581
Nb3811581
Nb3815
Nb3815
Nb381507
Nb381507
Nb38151381
Nb38151381
Nb381515
Nb381515
Nb38157
Nb38157
Nb381581
Nb381581
Nb3817
Nb3817
Nb381707
Nb381707
Nb38171381
Nb38171381
Nb381715
Nb381715
Nb38175
Nb38175
Nb381781
Nb381781
Nb38181
Nb38181
Nb3818107
Nb3818107
Nb381811381
Nb381811381
Nb3818115
Nb3818115
Nb381815
Nb381815
Nb381817
Nb381817
Nb5071381
Nb5071381
Nb50715
Nb50715
Nb507381
Nb507381
Nb5077
Nb5077
Nb50781
Nb50781
Nb51381
Nb51381
Nb5138107
Nb5138107
Nb5138115
Nb5138115
Nb51381381
Nb51381381
Nb513817
Nb513817
Nb5138181
Nb5138181
Nb51507
Nb51507
Nb5151381
Nb5151381
Nb515381
Nb515381
Nb5157
Nb5157
Nb51581
Nb51581
Nb5381
Nb5381
Nb538107
Nb538107
Nb53811381
Nb53811381
Nb538115
Nb538115
Nb53817
Nb53817
Nb538181
Nb538181
Nb54lv4
Nb54lv407
Nb54lv40715
Nb54lv4075
Nb54lv40757
Nb54lv4077
Nb54lv40775
Nb54lv40781
Nb54lv41381
Nb54lv415
Nb54lv41507
Nb54lv4155
Nb54lv41557
Nb54lv4157
Nb54lv41575
Nb54lv41581
Nb54lv42008
Nb54lv42009
Nb54lv42010
Nb54lv42011
Nb54lv42012
Nb54lv42013
Nb54lv42014
Nb54lv42015
Nb54lv42016
Nb54lv42017
Nb54lv42018
Nb54lv42019
Nb54lv42020
Nb54lv4381
Nb54lv43815
Nb54lv43817
Nb54lv45
Nb54lv4507
Nb54lv45077
Nb54lv4515
Nb54lv45157
Nb54lv45381
Nb54lv457
Nb54lv45707
Nb54lv45715
Nb54lv45781
Nb54lv4581
Nb54lv45817
Nb54lv47
Nb54lv4707
Nb54lv47075
Nb54lv4715
Nb54lv47155
Nb54lv47381
Nb54lv475
Nb54lv47507
Nb54lv47515
Nb54lv47581
Nb54lv4781
Nb54lv47815
Nb54lv481
Nb54lv48107
Nb54lv48115
Nb54lv4815
Nb54lv48157
Nb54lv4817
Nb54lv48175
Nb54lv4_07
Nb54lv4_075
Nb54lv4_077
Nb54lv4_15
Nb54lv4_155
Nb54lv4_157
Nb54lv4_381
Nb54lv4_5
Nb54lv4_507
Nb54lv4_515
Nb54lv4_57
Nb54lv4_581
Nb54lv4_7
Nb54lv4_707
Nb54lv4_715
Nb54lv4_75
Nb54lv4_781
Nb54lv4_81
Nb54lv4_815
Nb54lv4_817
Nb5707
Nb5707
Nb571381
Nb571381
Nb5715
Nb5715
Nb57381
Nb57381
Nb5781
Nb5781
Nb58107
Nb58107
Nb5811381
Nb5811381
Nb58115
Nb58115
Nb581381
Nb581381
Nb5817
Nb5817
Nb7071381
Nb7071381
Nb70715
Nb70715
Nb707381
Nb707381
Nb7075
Nb7075
Nb70781
Nb70781
Nb71381
Nb71381
Nb7138107
Nb7138107
Nb7138115
Nb7138115
Nb71381381
Nb71381381
Nb713815
Nb713815
Nb7138181
Nb7138181
Nb71507
Nb71507
Nb7151381
Nb7151381
Nb715381
Nb715381
Nb7155
Nb7155
Nb71581
Nb71581
Nb7381
Nb7381
Nb738107
Nb738107
Nb73811381
Nb73811381
Nb738115
Nb738115
Nb73815
Nb73815
Nb738181
Nb738181
Nb7507
Nb7507
Nb751381
Nb751381
Nb7515
Nb7515
Nb75381
Nb75381
Nb7581
Nb7581
Nb78107
Nb78107
Nb7811381
Nb7811381
Nb78115
Nb78115
Nb781381
Nb781381
Nb7815
Nb7815
Nb8107
Nb8107
Nb81071381
Nb81071381
Nb810715
Nb810715
Nb8107381
Nb8107381
Nb81075
Nb81075
Nb81077
Nb81077
Nb811381
Nb811381
Nb81138107
Nb81138107
Nb81138115
Nb81138115
Nb811381381
Nb811381381
Nb8113815
Nb8113815
Nb8113817
Nb8113817
Nb8115
Nb8115
Nb811507
Nb811507
Nb81151381
Nb81151381
Nb8115381
Nb8115381
Nb81155
Nb81155
Nb81157
Nb81157
Nb81381
Nb81381
Nb8138107
Nb8138107
Nb813811381
Nb813811381
Nb8138115
Nb8138115
Nb813815
Nb813815
Nb813817
Nb813817
Nb81507
Nb81507
Nb8151381
Nb8151381
Nb81515
Nb81515
Nb815381
Nb815381
Nb8157
Nb8157
Nb81707
Nb81707
Nb8171381
Nb8171381
Nb81715
Nb81715
Nb817381
Nb817381
Nb8175
Nb8175
Nb93m5nb
Nb93m5nb07
Nb93m5nb075
Nb93m5nb077
Nb93m5nb15
Nb93m5nb155
Nb93m5nb157
Nb93m5nb381
Nb93m5nb5
Nb93m5nb507
Nb93m5nb515
Nb93m5nb57
Nb93m5nb581
Nb93m5nb7
Nb93m5nb707
Nb93m5nb715
Nb93m5nb75
Nb93m5nb781
Nb93m5nb81
Nb93m5nb815
Nb93m5nb817
Nb93m5nb_07
Nb93m5nb_15
Nb93m5nb_5
Nb93m5nb_57
Nb93m5nb_7
Nb93m5nb_75
Nb93m5nb_81
NbG3m5nb
NbG3m5nb07
NbG3m5nb075
NbG3m5nb077
NbG3m5nb15
NbG3m5nb155
NbG3m5nb157
NbG3m5nb381
NbG3m5nb5
NbG3m5nb507
NbG3m5nb515
NbG3m5nb57
NbG3m5nb581
NbG3m5nb7
NbG3m5nb707
NbG3m5nb715
NbG3m5nb75
NbG3m5nb781
NbG3m5nb81
NbG3m5nb815
NbG3m5nb817
NbG3m5nb_07
NbG3m5nb_15
NbG3m5nb_5
NbG3m5nb_57
NbG3m5nb_7
NbG3m5nb_75
NbG3m5nb_81
NbGemsnb
NbGemsnb07
NbGemsnb075
NbGemsnb077
NbGemsnb15
NbGemsnb155
NbGemsnb157
NbGemsnb381
NbGemsnb5
NbGemsnb507
NbGemsnb515
NbGemsnb57
NbGemsnb581
NbGemsnb7
NbGemsnb707
NbGemsnb715
NbGemsnb75
NbGemsnb781
NbGemsnb81
NbGemsnb815
NbGemsnb817
NbGemsnb_07
NbGemsnb_15
NbGemsnb_5
NbGemsnb_57
NbGemsnb_7
NbGemsnb_75
NbGemsnb_81
NbN0b4r1
NbN0b4r1_
NbNobari
NbNobari_
NbS4lv4
NbS4lv407
NbS4lv40715
NbS4lv4075
NbS4lv40757
NbS4lv4077
NbS4lv40775
NbS4lv40781
NbS4lv41381
NbS4lv415
NbS4lv41507
NbS4lv4155
NbS4lv41557
NbS4lv4157
NbS4lv41575
NbS4lv41581
NbS4lv42008
NbS4lv42009
NbS4lv42010
NbS4lv42011
NbS4lv42012
NbS4lv42013
NbS4lv42014
NbS4lv42015
NbS4lv42016
NbS4lv42017
NbS4lv42018
NbS4lv42019
NbS4lv42020
NbS4lv4381
NbS4lv43815
NbS4lv43817
NbS4lv45
NbS4lv4507
NbS4lv45077
NbS4lv4515
NbS4lv45157
NbS4lv45381
NbS4lv457
NbS4lv45707
NbS4lv45715
NbS4lv45781
NbS4lv4581
NbS4lv45817
NbS4lv47
NbS4lv4707
NbS4lv47075
NbS4lv4715
NbS4lv47155
NbS4lv47381
NbS4lv475
NbS4lv47507
NbS4lv47515
NbS4lv47581
NbS4lv4781
NbS4lv47815
NbS4lv481
NbS4lv48107
NbS4lv48115
NbS4lv4815
NbS4lv48157
NbS4lv4817
NbS4lv48175
NbS4lv4_07
NbS4lv4_075
NbS4lv4_077
NbS4lv4_15
NbS4lv4_155
NbS4lv4_157
NbS4lv4_381
NbS4lv4_5
NbS4lv4_507
NbS4lv4_515
NbS4lv4_57
NbS4lv4_581
NbS4lv4_7
NbS4lv4_707
NbS4lv4_715
NbS4lv4_75
NbS4lv4_781
NbS4lv4_81
NbS4lv4_815
NbS4lv4_817
NbSalva
NbSalva07
NbSalva0715
NbSalva075
NbSalva0757
NbSalva077
NbSalva0775
NbSalva0781
NbSalva1381
NbSalva15
NbSalva1507
NbSalva155
NbSalva1557
NbSalva157
NbSalva1575
NbSalva1581
NbSalva2008
NbSalva2009
NbSalva2010
NbSalva2011
NbSalva2012
NbSalva2013
NbSalva2014
NbSalva2015
NbSalva2016
NbSalva2017
NbSalva2018
NbSalva2019
NbSalva2020
NbSalva381
NbSalva3815
NbSalva3817
NbSalva5
NbSalva507
NbSalva5077
NbSalva515
NbSalva5157
NbSalva5381
NbSalva57
NbSalva5707
NbSalva5715
NbSalva5781
NbSalva581
NbSalva5817
NbSalva7
NbSalva707
NbSalva7075
NbSalva715
NbSalva7155
NbSalva7381
NbSalva75
NbSalva7507
NbSalva7515
NbSalva7581
NbSalva781
NbSalva7815
NbSalva81
NbSalva8107
NbSalva8115
NbSalva815
NbSalva8157
NbSalva817
NbSalva8175
NbSalva_07
NbSalva_075
NbSalva_077
NbSalva_15
NbSalva_155
NbSalva_157
NbSalva_381
NbSalva_5
NbSalva_507
NbSalva_515
NbSalva_57
NbSalva_581
NbSalva_7
NbSalva_707
NbSalva_715
NbSalva_75
NbSalva_781
NbSalva_81
NbSalva_815
NbSalva_817
Nb_071381
Nb_071381
Nb_07138115
Nb_07138115
Nb_0713815
Nb_0713815
Nb_0713817
Nb_0713817
Nb_07138181
Nb_07138181
Nb_0715
Nb_0715
Nb_07151381
Nb_07151381
Nb_0715381
Nb_0715381
Nb_07155
Nb_07155
Nb_07157
Nb_07157
Nb_071581
Nb_071581
Nb_07381
Nb_07381
Nb_0738115
Nb_0738115
Nb_073815
Nb_073815
Nb_073817
Nb_073817
Nb_0738181
Nb_0738181
Nb_075
Nb_075
Nb_0751381
Nb_0751381
Nb_07515
Nb_07515
Nb_075381
Nb_075381
Nb_0757
Nb_0757
Nb_07581
Nb_07581
Nb_077
Nb_077
Nb_0771381
Nb_0771381
Nb_07715
Nb_07715
Nb_077381
Nb_077381
Nb_0775
Nb_0775
Nb_07781
Nb_07781
Nb_0781
Nb_0781
Nb_07811381
Nb_07811381
Nb_078115
Nb_078115
Nb_0781381
Nb_0781381
Nb_07815
Nb_07815
Nb_07817
Nb_07817
Nb_1381
Nb_1381
Nb_138107
Nb_138107
Nb_13810715
Nb_13810715
Nb_1381075
Nb_1381075
Nb_1381077
Nb_1381077
Nb_13810781
Nb_13810781
Nb_138115
Nb_138115
Nb_13811507
Nb_13811507
Nb_1381155
Nb_1381155
Nb_1381157
Nb_1381157
Nb_13811581
Nb_13811581
Nb_1381381
Nb_1381381
Nb_13813815
Nb_13813815
Nb_13813817
Nb_13813817
Nb_13815
Nb_13815
Nb_1381507
Nb_1381507
Nb_1381515
Nb_1381515
Nb_13815381
Nb_13815381
Nb_138157
Nb_138157
Nb_1381581
Nb_1381581
Nb_13817
Nb_13817
Nb_1381707
Nb_1381707
Nb_1381715
Nb_1381715
Nb_13817381
Nb_13817381
Nb_138175
Nb_138175
Nb_1381781
Nb_1381781
Nb_138181
Nb_138181
Nb_13818107
Nb_13818107
Nb_13818115
Nb_13818115
Nb_1381815
Nb_1381815
Nb_1381817
Nb_1381817
Nb_1507
Nb_1507
Nb_15071381
Nb_15071381
Nb_1507381
Nb_1507381
Nb_15075
Nb_15075
Nb_15077
Nb_15077
Nb_150781
Nb_150781
Nb_151381
Nb_151381
Nb_15138107
Nb_15138107
Nb_1513815
Nb_1513815
Nb_1513817
Nb_1513817
Nb_15138181
Nb_15138181
Nb_15381
Nb_15381
Nb_1538107
Nb_1538107
Nb_153815
Nb_153815
Nb_153817
Nb_153817
Nb_1538181
Nb_1538181
Nb_155
Nb_155
Nb_15507
Nb_15507
Nb_1551381
Nb_1551381
Nb_155381
Nb_155381
Nb_1557
Nb_1557
Nb_15581
Nb_15581
Nb_157
Nb_157
Nb_15707
Nb_15707
Nb_1571381
Nb_1571381
Nb_157381
Nb_157381
Nb_1575
Nb_1575
Nb_15781
Nb_15781
Nb_1581
Nb_1581
Nb_158107
Nb_158107
Nb_15811381
Nb_15811381
Nb_1581381
Nb_1581381
Nb_15815
Nb_15815
Nb_15817
Nb_15817
Nb_2008
Nb_2008
Nb_2009
Nb_2009
Nb_2010
Nb_2010
Nb_2011
Nb_2011
Nb_2012
Nb_2012
Nb_2013
Nb_2013
Nb_2014
Nb_2014
Nb_2015
Nb_2015
Nb_2016
Nb_2016
Nb_2017
Nb_2017
Nb_2018
Nb_2018
Nb_2019
Nb_2019
Nb_2020
Nb_2020
Nb_381
Nb_381
Nb_38107
Nb_38107
Nb_3810715
Nb_3810715
Nb_381075
Nb_381075
Nb_381077
Nb_381077
Nb_3810781
Nb_3810781
Nb_3811381
Nb_3811381
Nb_38113815
Nb_38113815
Nb_38113817
Nb_38113817
Nb_38115
Nb_38115
Nb_3811507
Nb_3811507
Nb_381155
Nb_381155
Nb_381157
Nb_381157
Nb_3811581
Nb_3811581
Nb_3815
Nb_3815
Nb_381507
Nb_381507
Nb_38151381
Nb_38151381
Nb_381515
Nb_381515
Nb_38157
Nb_38157
Nb_381581
Nb_381581
Nb_3817
Nb_3817
Nb_381707
Nb_381707
Nb_38171381
Nb_38171381
Nb_381715
Nb_381715
Nb_38175
Nb_38175
Nb_381781
Nb_381781
Nb_38181
Nb_38181
Nb_3818107
Nb_3818107
Nb_3818115
Nb_3818115
Nb_381815
Nb_381815
Nb_381817
Nb_381817
Nb_507
Nb_507
Nb_5071381
Nb_5071381
Nb_50715
Nb_50715
Nb_507381
Nb_507381
Nb_5077
Nb_5077
Nb_50781
Nb_50781
Nb_51381
Nb_51381
Nb_5138107
Nb_5138107
Nb_5138115
Nb_5138115
Nb_51381381
Nb_51381381
Nb_513817
Nb_513817
Nb_5138181
Nb_5138181
Nb_515
Nb_515
Nb_51507
Nb_51507
Nb_5151381
Nb_5151381
Nb_515381
Nb_515381
Nb_5157
Nb_5157
Nb_51581
Nb_51581
Nb_5381
Nb_5381
Nb_538107
Nb_538107
Nb_53811381
Nb_53811381
Nb_538115
Nb_538115
Nb_53817
Nb_53817
Nb_538181
Nb_538181
Nb_5707
Nb_5707
Nb_571381
Nb_571381
Nb_5715
Nb_5715
Nb_57381
Nb_57381
Nb_5781
Nb_5781
Nb_581
Nb_581
Nb_58107
Nb_58107
Nb_5811381
Nb_5811381
Nb_58115
Nb_58115
Nb_581381
Nb_581381
Nb_5817
Nb_5817
Nb_707
Nb_707
Nb_7071381
Nb_7071381
Nb_70715
Nb_70715
Nb_707381
Nb_707381
Nb_7075
Nb_7075
Nb_70781
Nb_70781
Nb_71381
Nb_71381
Nb_7138107
Nb_7138107
Nb_7138115
Nb_7138115
Nb_71381381
Nb_71381381
Nb_713815
Nb_713815
Nb_7138181
Nb_7138181
Nb_715
Nb_715
Nb_71507
Nb_71507
Nb_7151381
Nb_7151381
Nb_715381
Nb_715381
Nb_7155
Nb_7155
Nb_71581
Nb_71581
Nb_7381
Nb_7381
Nb_738107
Nb_738107
Nb_73811381
Nb_73811381
Nb_738115
Nb_738115
Nb_73815
Nb_73815
Nb_738181
Nb_738181
Nb_7507
Nb_7507
Nb_751381
Nb_751381
Nb_7515
Nb_7515
Nb_75381
Nb_75381
Nb_7581
Nb_7581
Nb_781
Nb_781
Nb_78107
Nb_78107
Nb_7811381
Nb_7811381
Nb_78115
Nb_78115
Nb_781381
Nb_781381
Nb_7815
Nb_7815
Nb_8107
Nb_8107
Nb_81071381
Nb_81071381
Nb_810715
Nb_810715
Nb_8107381
Nb_8107381
Nb_81075
Nb_81075
Nb_81077
Nb_81077
Nb_811381
Nb_811381
Nb_81138107
Nb_81138107
Nb_81138115
Nb_81138115
Nb_8113815
Nb_8113815
Nb_8113817
Nb_8113817
Nb_8115
Nb_8115
Nb_811507
Nb_811507
Nb_81151381
Nb_81151381
Nb_8115381
Nb_8115381
Nb_81155
Nb_81155
Nb_81157
Nb_81157
Nb_81381
Nb_81381
Nb_8138107
Nb_8138107
Nb_8138115
Nb_8138115
Nb_813815
Nb_813815
Nb_813817
Nb_813817
Nb_815
Nb_815
Nb_81507
Nb_81507
Nb_8151381
Nb_8151381
Nb_81515
Nb_81515
Nb_815381
Nb_815381
Nb_8157
Nb_8157
Nb_817
Nb_817
Nb_81707
Nb_81707
Nb_8171381
Nb_8171381
Nb_81715
Nb_81715
Nb_817381
Nb_817381
Nb_8175
Nb_8175
Nbgemsnb
Nbgemsnb07
Nbgemsnb075
Nbgemsnb077
Nbgemsnb15
Nbgemsnb155
Nbgemsnb157
Nbgemsnb381
Nbgemsnb5
Nbgemsnb507
Nbgemsnb515
Nbgemsnb57
Nbgemsnb581
Nbgemsnb7
Nbgemsnb707
Nbgemsnb715
Nbgemsnb75
Nbgemsnb781
Nbgemsnb81
Nbgemsnb815
Nbgemsnb817
Nbgemsnb_07
Nbgemsnb_15
Nbgemsnb_5
Nbgemsnb_57
Nbgemsnb_7
Nbgemsnb_75
Nbgemsnb_81
Nbn0b4r1
Nbn0b4r1_
Nbnobari
Nbnobari_
Nbsalva
Nbsalva07
Nbsalva0715
Nbsalva075
Nbsalva0757
Nbsalva077
Nbsalva0775
Nbsalva0781
Nbsalva1381
Nbsalva15
Nbsalva1507
Nbsalva155
Nbsalva1557
Nbsalva157
Nbsalva1575
Nbsalva1581
Nbsalva2008
Nbsalva2009
Nbsalva2010
Nbsalva2011
Nbsalva2012
Nbsalva2013
Nbsalva2014
Nbsalva2015
Nbsalva2016
Nbsalva2017
Nbsalva2018
Nbsalva2019
Nbsalva2020
Nbsalva381
Nbsalva3815
Nbsalva3817
Nbsalva5
Nbsalva507
Nbsalva5077
Nbsalva515
Nbsalva5157
Nbsalva5381
Nbsalva57
Nbsalva5707
Nbsalva5715
Nbsalva5781
Nbsalva581
Nbsalva5817
Nbsalva7
Nbsalva707
Nbsalva7075
Nbsalva715
Nbsalva7155
Nbsalva7381
Nbsalva75
Nbsalva7507
Nbsalva7515
Nbsalva7581
Nbsalva781
Nbsalva7815
Nbsalva81
Nbsalva8107
Nbsalva8115
Nbsalva815
Nbsalva8157
Nbsalva817
Nbsalva8175
Nbsalva_07
Nbsalva_075
Nbsalva_077
Nbsalva_15
Nbsalva_155
Nbsalva_157
Nbsalva_381
Nbsalva_5
Nbsalva_507
Nbsalva_515
Nbsalva_57
Nbsalva_581
Nbsalva_7
Nbsalva_707
Nbsalva_715
Nbsalva_75
Nbsalva_781
Nbsalva_81
Nbsalva_815
Nbsalva_817
Nobari
Nobari2008
Nobari2009
Nobari2010
Nobari2011
Nobari2012
Nobari2013
Nobari2014
Nobari2015
Nobari2016
Nobari2017
Nobari2018
Nobari2019
Nobari2020
NobariNb
NobariNb_
Nobari_
Nobari_2008
Nobari_2009
Nobari_2010
Nobari_2011
Nobari_2012
Nobari_2013
Nobari_2014
Nobari_2015
Nobari_2016
Nobari_2017
Nobari_2018
Nobari_2019
Nobari_2020
Nobarinb
Nobarinb_
S4lv407
S4lv4071381
S4lv40715
S4lv407155
S4lv407157
S4lv4071581
S4lv407381
S4lv4073815
S4lv4073817
S4lv4075
S4lv407515
S4lv4075381
S4lv40757
S4lv407581
S4lv4077
S4lv407715
S4lv4077381
S4lv40775
S4lv407781
S4lv40781
S4lv4078115
S4lv407815
S4lv407817
S4lv41381
S4lv4138107
S4lv4138115
S4lv413815
S4lv4138157
S4lv413817
S4lv4138175
S4lv4138181
S4lv415
S4lv41507
S4lv415075
S4lv415077
S4lv4150781
S4lv4151381
S4lv415381
S4lv4153815
S4lv4153817
S4lv4155
S4lv415507
S4lv4155381
S4lv41557
S4lv415581
S4lv4157
S4lv415707
S4lv4157381
S4lv41575
S4lv415781
S4lv41581
S4lv4158107
S4lv415815
S4lv415817
S4lv42008
S4lv42009
S4lv42010
S4lv42011
S4lv42012
S4lv42013
S4lv42014
S4lv42015
S4lv42016
S4lv42017
S4lv42018
S4lv42019
S4lv42020
S4lv4381
S4lv438107
S4lv4381075
S4lv4381077
S4lv438115
S4lv4381155
S4lv4381157
S4lv43815
S4lv4381507
S4lv4381515
S4lv438157
S4lv4381581
S4lv43817
S4lv4381707
S4lv4381715
S4lv438175
S4lv4381781
S4lv438181
S4lv4381815
S4lv4381817
S4lv45
S4lv4507
S4lv450715
S4lv4507381
S4lv45077
S4lv450781
S4lv451381
S4lv4513817
S4lv4515
S4lv451507
S4lv4515381
S4lv45157
S4lv451581
S4lv45381
S4lv4538107
S4lv4538115
S4lv453817
S4lv4538181
S4lv457
S4lv45707
S4lv4571381
S4lv45715
S4lv457381
S4lv45781
S4lv4581
S4lv458107
S4lv458115
S4lv4581381
S4lv45817
S4lv47
S4lv4707
S4lv470715
S4lv4707381
S4lv47075
S4lv470781
S4lv471381
S4lv4713815
S4lv4715
S4lv471507
S4lv4715381
S4lv47155
S4lv471581
S4lv47381
S4lv4738107
S4lv4738115
S4lv473815
S4lv4738181
S4lv475
S4lv47507
S4lv4751381
S4lv47515
S4lv475381
S4lv47581
S4lv4781
S4lv478107
S4lv478115
S4lv4781381
S4lv47815
S4lv481
S4lv48107
S4lv4810715
S4lv481075
S4lv481077
S4lv4811381
S4lv48115
S4lv4811507
S4lv481155
S4lv481157
S4lv481381
S4lv4813815
S4lv4813817
S4lv4815
S4lv481507
S4lv481515
S4lv4815381
S4lv48157
S4lv4817
S4lv481707
S4lv481715
S4lv4817381
S4lv48175
S4lv493m5nb
S4lv4G3m5nb
S4lv4Nb
S4lv4Nb07
S4lv4Nb0715
S4lv4Nb075
S4lv4Nb0757
S4lv4Nb077
S4lv4Nb0775
S4lv4Nb0781
S4lv4Nb1381
S4lv4Nb15
S4lv4Nb1507
S4lv4Nb155
S4lv4Nb1557
S4lv4Nb157
S4lv4Nb1575
S4lv4Nb1581
S4lv4Nb2008
S4lv4Nb2009
S4lv4Nb2010
S4lv4Nb2011
S4lv4Nb2012
S4lv4Nb2013
S4lv4Nb2014
S4lv4Nb2015
S4lv4Nb2016
S4lv4Nb2017
S4lv4Nb2018
S4lv4Nb2019
S4lv4Nb2020
S4lv4Nb381
S4lv4Nb3815
S4lv4Nb3817
S4lv4Nb5
S4lv4Nb507
S4lv4Nb5077
S4lv4Nb515
S4lv4Nb5157
S4lv4Nb5381
S4lv4Nb57
S4lv4Nb5707
S4lv4Nb5715
S4lv4Nb5781
S4lv4Nb581
S4lv4Nb5817
S4lv4Nb7
S4lv4Nb707
S4lv4Nb7075
S4lv4Nb715
S4lv4Nb7155
S4lv4Nb7381
S4lv4Nb75
S4lv4Nb7507
S4lv4Nb7515
S4lv4Nb7581
S4lv4Nb781
S4lv4Nb7815
S4lv4Nb81
S4lv4Nb8107
S4lv4Nb8115
S4lv4Nb815
S4lv4Nb8157
S4lv4Nb817
S4lv4Nb8175
S4lv4Nb_07
S4lv4Nb_075
S4lv4Nb_077
S4lv4Nb_15
S4lv4Nb_155
S4lv4Nb_157
S4lv4Nb_381
S4lv4Nb_5
S4lv4Nb_507
S4lv4Nb_515
S4lv4Nb_57
S4lv4Nb_581
S4lv4Nb_7
S4lv4Nb_707
S4lv4Nb_715
S4lv4Nb_75
S4lv4Nb_781
S4lv4Nb_81
S4lv4Nb_815
S4lv4Nb_817
S4lv4_07
S4lv4_0715
S4lv4_07155
S4lv4_07157
S4lv4_07381
S4lv4_075
S4lv4_07515
S4lv4_0757
S4lv4_07581
S4lv4_077
S4lv4_07715
S4lv4_0775
S4lv4_07781
S4lv4_0781
S4lv4_07815
S4lv4_07817
S4lv4_1381
S4lv4_13815
S4lv4_13817
S4lv4_15
S4lv4_1507
S4lv4_15075
S4lv4_15077
S4lv4_15381
S4lv4_155
S4lv4_15507
S4lv4_1557
S4lv4_15581
S4lv4_157
S4lv4_15707
S4lv4_1575
S4lv4_15781
S4lv4_1581
S4lv4_15815
S4lv4_15817
S4lv4_2008
S4lv4_2009
S4lv4_2010
S4lv4_2011
S4lv4_2012
S4lv4_2013
S4lv4_2014
S4lv4_2015
S4lv4_2016
S4lv4_2017
S4lv4_2018
S4lv4_2019
S4lv4_2020
S4lv4_381
S4lv4_38107
S4lv4_38115
S4lv4_3815
S4lv4_38157
S4lv4_3817
S4lv4_38175
S4lv4_38181
S4lv4_5
S4lv4_507
S4lv4_50715
S4lv4_5077
S4lv4_50781
S4lv4_51381
S4lv4_515
S4lv4_51507
S4lv4_5157
S4lv4_51581
S4lv4_5381
S4lv4_53817
S4lv4_57
S4lv4_5707
S4lv4_5715
S4lv4_57381
S4lv4_5781
S4lv4_581
S4lv4_58107
S4lv4_58115
S4lv4_5817
S4lv4_7
S4lv4_707
S4lv4_70715
S4lv4_7075
S4lv4_70781
S4lv4_71381
S4lv4_715
S4lv4_71507
S4lv4_7155
S4lv4_71581
S4lv4_7381
S4lv4_73815
S4lv4_75
S4lv4_7507
S4lv4_7515
S4lv4_75381
S4lv4_7581
S4lv4_781
S4lv4_78107
S4lv4_78115
S4lv4_7815
S4lv4_81
S4lv4_8107
S4lv4_81075
S4lv4_81077
S4lv4_8115
S4lv4_81155
S4lv4_81157
S4lv4_81381
S4lv4_815
S4lv4_81507
S4lv4_81515
S4lv4_8157
S4lv4_817
S4lv4_81707
S4lv4_81715
S4lv4_8175
S4lv4nb
S4lv4nb07
S4lv4nb0715
S4lv4nb075
S4lv4nb0757
S4lv4nb077
S4lv4nb0775
S4lv4nb0781
S4lv4nb1381
S4lv4nb15
S4lv4nb1507
S4lv4nb155
S4lv4nb1557
S4lv4nb157
S4lv4nb1575
S4lv4nb1581
S4lv4nb2008
S4lv4nb2009
S4lv4nb2010
S4lv4nb2011
S4lv4nb2012
S4lv4nb2013
S4lv4nb2014
S4lv4nb2015
S4lv4nb2016
S4lv4nb2017
S4lv4nb2018
S4lv4nb2019
S4lv4nb2020
S4lv4nb381
S4lv4nb3815
S4lv4nb3817
S4lv4nb5
S4lv4nb507
S4lv4nb5077
S4lv4nb515
S4lv4nb5157
S4lv4nb5381
S4lv4nb57
S4lv4nb5707
S4lv4nb5715
S4lv4nb5781
S4lv4nb581
S4lv4nb5817
S4lv4nb7
S4lv4nb707
S4lv4nb7075
S4lv4nb715
S4lv4nb7155
S4lv4nb7381
S4lv4nb75
S4lv4nb7507
S4lv4nb7515
S4lv4nb7581
S4lv4nb781
S4lv4nb7815
S4lv4nb81
S4lv4nb8107
S4lv4nb8115
S4lv4nb815
S4lv4nb8157
S4lv4nb817
S4lv4nb8175
S4lv4nb_07
S4lv4nb_075
S4lv4nb_077
S4lv4nb_15
S4lv4nb_155
S4lv4nb_157
S4lv4nb_381
S4lv4nb_5
S4lv4nb_507
S4lv4nb_515
S4lv4nb_57
S4lv4nb_581
S4lv4nb_7
S4lv4nb_707
S4lv4nb_715
S4lv4nb_75
S4lv4nb_781
S4lv4nb_81
S4lv4nb_815
S4lv4nb_817
Salva07
Salva071381
Salva0715
Salva07155
Salva07157
Salva071581
Salva07381
Salva073815
Salva073817
Salva075
Salva07515
Salva075381
Salva0757
Salva07581
Salva077
Salva07715
Salva077381
Salva0775
Salva07781
Salva0781
Salva078115
Salva07815
Salva07817
Salva1381
Salva138107
Salva138115
Salva13815
Salva138157
Salva13817
Salva138175
Salva138181
Salva15
Salva1507
Salva15075
Salva15077
Salva150781
Salva151381
Salva15381
Salva153815
Salva153817
Salva155
Salva15507
Salva155381
Salva1557
Salva15581
Salva157
Salva15707
Salva157381
Salva1575
Salva15781
Salva1581
Salva158107
Salva15815
Salva15817
Salva2008
Salva2009
Salva2010
Salva2011
Salva2012
Salva2013
Salva2014
Salva2015
Salva2016
Salva2017
Salva2018
Salva2019
Salva2020
Salva381
Salva38107
Salva381075
Salva381077
Salva38115
Salva381155
Salva381157
Salva3815
Salva381507
Salva381515
Salva38157
Salva381581
Salva3817
Salva381707
Salva381715
Salva38175
Salva381781
Salva38181
Salva381815
Salva381817
Salva5
Salva507
Salva50715
Salva507381
Salva5077
Salva50781
Salva51381
Salva513817
Salva515
Salva51507
Salva515381
Salva5157
Salva51581
Salva5381
Salva538107
Salva538115
Salva53817
Salva538181
Salva57
Salva5707
Salva571381
Salva5715
Salva57381
Salva5781
Salva581
Salva58107
Salva58115
Salva581381
Salva5817
Salva7
Salva707
Salva70715
Salva707381
Salva7075
Salva70781
Salva71381
Salva713815
Salva715
Salva71507
Salva715381
Salva7155
Salva71581
Salva7381
Salva738107
Salva738115
Salva73815
Salva738181
Salva75
Salva7507
Salva751381
Salva7515
Salva75381
Salva7581
Salva781
Salva78107
Salva78115
Salva781381
Salva7815
Salva81
Salva8107
Salva810715
Salva81075
Salva81077
Salva811381
Salva8115
Salva811507
Salva81155
Salva81157
Salva81381
Salva813815
Salva813817
Salva815
Salva81507
Salva81515
Salva815381
Salva8157
Salva817
Salva81707
Salva81715
Salva817381
Salva8175
SalvaGemsnb
SalvaNb
SalvaNb07
SalvaNb0715
SalvaNb075
SalvaNb0757
SalvaNb077
SalvaNb0775
SalvaNb0781
SalvaNb1381
SalvaNb15
SalvaNb1507
SalvaNb155
SalvaNb1557
SalvaNb157
SalvaNb1575
SalvaNb1581
SalvaNb2008
SalvaNb2009
SalvaNb2010
SalvaNb2011
SalvaNb2012
SalvaNb2013
SalvaNb2014
SalvaNb2015
SalvaNb2016
SalvaNb2017
SalvaNb2018
SalvaNb2019
SalvaNb2020
SalvaNb381
SalvaNb3815
SalvaNb3817
SalvaNb5
SalvaNb507
SalvaNb5077
SalvaNb515
SalvaNb5157
SalvaNb5381
SalvaNb57
SalvaNb5707
SalvaNb5715
SalvaNb5781
SalvaNb581
SalvaNb5817
SalvaNb7
SalvaNb707
SalvaNb7075
SalvaNb715
SalvaNb7155
SalvaNb7381
SalvaNb75
SalvaNb7507
SalvaNb7515
SalvaNb7581
SalvaNb781
SalvaNb7815
SalvaNb81
SalvaNb8107
SalvaNb8115
SalvaNb815
SalvaNb8157
SalvaNb817
SalvaNb8175
SalvaNb_07
SalvaNb_075
SalvaNb_077
SalvaNb_15
SalvaNb_155
SalvaNb_157
SalvaNb_381
SalvaNb_5
SalvaNb_507
SalvaNb_515
SalvaNb_57
SalvaNb_581
SalvaNb_7
SalvaNb_707
SalvaNb_715
SalvaNb_75
SalvaNb_781
SalvaNb_81
SalvaNb_815
SalvaNb_817
Salva_07
Salva_0715
Salva_07155
Salva_07157
Salva_07381
Salva_075
Salva_07515
Salva_0757
Salva_07581
Salva_077
Salva_07715
Salva_0775
Salva_07781
Salva_0781
Salva_07815
Salva_07817
Salva_1381
Salva_13815
Salva_13817
Salva_15
Salva_1507
Salva_15075
Salva_15077
Salva_15381
Salva_155
Salva_15507
Salva_1557
Salva_15581
Salva_157
Salva_15707
Salva_1575
Salva_15781
Salva_1581
Salva_15815
Salva_15817
Salva_2008
Salva_2009
Salva_2010
Salva_2011
Salva_2012
Salva_2013
Salva_2014
Salva_2015
Salva_2016
Salva_2017
Salva_2018
Salva_2019
Salva_2020
Salva_381
Salva_38107
Salva_38115
Salva_3815
Salva_38157
Salva_3817
Salva_38175
Salva_38181
Salva_5
Salva_507
Salva_50715
Salva_5077
Salva_50781
Salva_51381
Salva_515
Salva_51507
Salva_5157
Salva_51581
Salva_5381
Salva_53817
Salva_57
Salva_5707
Salva_5715
Salva_57381
Salva_5781
Salva_581
Salva_58107
Salva_58115
Salva_5817
Salva_7
Salva_707
Salva_70715
Salva_7075
Salva_70781
Salva_71381
Salva_715
Salva_71507
Salva_7155
Salva_71581
Salva_7381
Salva_73815
Salva_75
Salva_7507
Salva_7515
Salva_75381
Salva_7581
Salva_781
Salva_78107
Salva_78115
Salva_7815
Salva_81
Salva_8107
Salva_81075
Salva_81077
Salva_8115
Salva_81155
Salva_81157
Salva_81381
Salva_815
Salva_81507
Salva_81515
Salva_8157
Salva_817
Salva_81707
Salva_81715
Salva_8175
Salvagemsnb
Salvanb
Salvanb07
Salvanb0715
Salvanb075
Salvanb0757
Salvanb077
Salvanb0775
Salvanb0781
Salvanb1381
Salvanb15
Salvanb1507
Salvanb155
Salvanb1557
Salvanb157
Salvanb1575
Salvanb1581
Salvanb2008
Salvanb2009
Salvanb2010
Salvanb2011
Salvanb2012
Salvanb2013
Salvanb2014
Salvanb2015
Salvanb2016
Salvanb2017
Salvanb2018
Salvanb2019
Salvanb2020
Salvanb381
Salvanb3815
Salvanb3817
Salvanb5
Salvanb507
Salvanb5077
Salvanb515
Salvanb5157
Salvanb5381
Salvanb57
Salvanb5707
Salvanb5715
Salvanb5781
Salvanb581
Salvanb5817
Salvanb7
Salvanb707
Salvanb7075
Salvanb715
Salvanb7155
Salvanb7381
Salvanb75
Salvanb7507
Salvanb7515
Salvanb7581
Salvanb781
Salvanb7815
Salvanb81
Salvanb8107
Salvanb8115
Salvanb815
Salvanb8157
Salvanb817
Salvanb8175
Salvanb_07
Salvanb_075
Salvanb_077
Salvanb_15
Salvanb_155
Salvanb_157
Salvanb_381
Salvanb_5
Salvanb_507
Salvanb_515
Salvanb_57
Salvanb_581
Salvanb_7
Salvanb_707
Salvanb_715
Salvanb_75
Salvanb_781
Salvanb_81
Salvanb_815
Salvanb_817
_071381
_071381
_07138115
_07138115
_071381381
_071381381
_0713815
_0713815
_0713817
_0713817
_07138181
_07138181
_07151381
_07151381
_0715381
_0715381
_07155
_07155
_07157
_07157
_071581
_071581
_07381
_07381
_073811381
_073811381
_0738115
_0738115
_073815
_073815
_073817
_073817
_0738181
_0738181
_0751381
_0751381
_07515
_07515
_075381
_075381
_07581
_07581
_0771381
_0771381
_07715
_07715
_077381
_077381
_07781
_07781
_07811381
_07811381
_078115
_078115
_0781381
_0781381
_07815
_07815
_07817
_07817
_138107
_138107
_13810715
_13810715
_138107381
_138107381
_1381075
_1381075
_1381077
_1381077
_13810781
_13810781
_138115
_138115
_13811507
_13811507
_138115381
_138115381
_1381155
_1381155
_1381157
_1381157
_13811581
_13811581
_1381381
_1381381
_138138107
_138138107
_138138115
_138138115
_13813815
_13813815
_13813817
_13813817
_138138181
_138138181
_13815
_13815
_1381507
_1381507
_1381515
_1381515
_13815381
_13815381
_138157
_138157
_1381581
_1381581
_13817
_13817
_1381707
_1381707
_1381715
_1381715
_13817381
_13817381
_138175
_138175
_1381781
_1381781
_138181
_138181
_13818107
_13818107
_13818115
_13818115
_138181381
_138181381
_1381815
_1381815
_1381817
_1381817
_15071381
_15071381
_1507381
_1507381
_15075
_15075
_15077
_15077
_150781
_150781
_151381
_151381
_15138107
_15138107
_151381381
_151381381
_1513815
_1513815
_1513817
_1513817
_15138181
_15138181
_15381
_15381
_1538107
_1538107
_153811381
_153811381
_153815
_153815
_153817
_153817
_1538181
_1538181
_15507
_15507
_1551381
_1551381
_155381
_155381
_15581
_15581
_15707
_15707
_1571381
_1571381
_157381
_157381
_15781
_15781
_158107
_158107
_15811381
_15811381
_1581381
_1581381
_15815
_15815
_15817
_15817
_38107
_38107
_381071381
_381071381
_3810715
_3810715
_381075
_381075
_381077
_381077
_3810781
_3810781
_3811381
_3811381
_381138107
_381138107
_381138115
_381138115
_38113815
_38113815
_38113817
_38113817
_381138181
_381138181
_38115
_38115
_3811507
_3811507
_381151381
_381151381
_381155
_381155
_381157
_381157
_3811581
_3811581
_381507
_381507
_38151381
_38151381
_381515
_381515
_38157
_38157
_381581
_381581
_381707
_381707
_38171381
_38171381
_381715
_381715
_38175
_38175
_381781
_381781
_38181
_38181
_3818107
_3818107
_381811381
_381811381
_3818115
_3818115
_381815
_381815
_381817
_381817
_5071381
_5071381
_50715
_50715
_507381
_507381
_50781
_50781
_51381
_51381
_5138107
_5138107
_5138115
_5138115
_51381381
_51381381
_513817
_513817
_5138181
_5138181
_51507
_51507
_5151381
_5151381
_515381
_515381
_51581
_51581
_538107
_538107
_53811381
_53811381
_538115
_538115
_53817
_53817
_538181
_538181
_571381
_571381
_57381
_57381
_58107
_58107
_5811381
_5811381
_58115
_58115
_581381
_581381
_7071381
_7071381
_70715
_70715
_707381
_707381
_70781
_70781
_71381
_71381
_7138107
_7138107
_7138115
_7138115
_71381381
_71381381
_713815
_713815
_7138181
_7138181
_71507
_71507
_7151381
_7151381
_715381
_715381
_71581
_71581
_738107
_738107
_73811381
_73811381
_738115
_738115
_73815
_73815
_738181
_738181
_751381
_751381
_75381
_75381
_78107
_78107
_7811381
_7811381
_78115
_78115
_781381
_781381
_81071381
_81071381
_810715
_810715
_8107381
_8107381
_81075
_81075
_81077
_81077
_811381
_811381
_81138107
_81138107
_81138115
_81138115
_811381381
_811381381
_8113815
_8113815
_8113817
_8113817
_811507
_811507
_81151381
_81151381
_8115381
_8115381
_81155
_81155
_81157
_81157
_81381
_81381
_8138107
_8138107
_813811381
_813811381
_8138115
_8138115
_813815
_813815
_813817
_813817
_81507
_81507
_8151381
_8151381
_81515
_81515
_815381
_815381
_81707
_81707
_8171381
_8171381
_81715
_81715
_817381
_817381
avlaS07
avlaS071381
avlaS0715
avlaS07155
avlaS07157
avlaS071581
avlaS07381
avlaS073815
avlaS073817
avlaS075
avlaS07515
avlaS075381
avlaS0757
avlaS07581
avlaS077
avlaS07715
avlaS077381
avlaS0775
avlaS07781
avlaS0781
avlaS078115
avlaS07815
avlaS07817
avlaS1381
avlaS138107
avlaS138115
avlaS13815
avlaS138157
avlaS13817
avlaS138175
avlaS138181
avlaS15
avlaS1507
avlaS15075
avlaS15077
avlaS150781
avlaS151381
avlaS15381
avlaS153815
avlaS153817
avlaS155
avlaS15507
avlaS155381
avlaS1557
avlaS15581
avlaS157
avlaS15707
avlaS157381
avlaS1575
avlaS15781
avlaS1581
avlaS158107
avlaS15815
avlaS15817
avlaS2008
avlaS2009
avlaS2010
avlaS2011
avlaS2012
avlaS2013
avlaS2014
avlaS2015
avlaS2016
avlaS2017
avlaS2018
avlaS2019
avlaS2020
avlaS381
avlaS38107
avlaS381075
avlaS381077
avlaS38115
avlaS381155
avlaS381157
avlaS3815
avlaS381507
avlaS381515
avlaS38157
avlaS381581
avlaS3817
avlaS381707
avlaS381715
avlaS38175
avlaS381781
avlaS38181
avlaS381815
avlaS381817
avlaS5
avlaS507
avlaS50715
avlaS507381
avlaS5077
avlaS50781
avlaS51381
avlaS513817
avlaS515
avlaS51507
avlaS515381
avlaS5157
avlaS51581
avlaS5381
avlaS538107
avlaS538115
avlaS53817
avlaS538181
avlaS57
avlaS5707
avlaS571381
avlaS5715
avlaS57381
avlaS5781
avlaS581
avlaS58107
avlaS58115
avlaS581381
avlaS5817
avlaS7
avlaS707
avlaS70715
avlaS707381
avlaS7075
avlaS70781
avlaS71381
avlaS713815
avlaS715
avlaS71507
avlaS715381
avlaS7155
avlaS71581
avlaS7381
avlaS738107
avlaS738115
avlaS73815
avlaS738181
avlaS75
avlaS7507
avlaS751381
avlaS7515
avlaS75381
avlaS7581
avlaS781
avlaS78107
avlaS78115
avlaS781381
avlaS7815
avlaS81
avlaS8107
avlaS810715
avlaS81075
avlaS81077
avlaS811381
avlaS8115
avlaS811507
avlaS81155
avlaS81157
avlaS81381
avlaS813815
avlaS813817
avlaS815
avlaS81507
avlaS81515
avlaS815381
avlaS8157
avlaS817
avlaS81707
avlaS81715
avlaS817381
avlaS8175
avlaS_07
avlaS_0715
avlaS_07155
avlaS_07157
avlaS_07381
avlaS_075
avlaS_07515
avlaS_0757
avlaS_07581
avlaS_077
avlaS_07715
avlaS_0775
avlaS_07781
avlaS_0781
avlaS_07815
avlaS_07817
avlaS_1381
avlaS_13815
avlaS_13817
avlaS_15
avlaS_1507
avlaS_15075
avlaS_15077
avlaS_15381
avlaS_155
avlaS_15507
avlaS_1557
avlaS_15581
avlaS_157
avlaS_15707
avlaS_1575
avlaS_15781
avlaS_1581
avlaS_15815
avlaS_15817
avlaS_2008
avlaS_2009
avlaS_2010
avlaS_2011
avlaS_2012
avlaS_2013
avlaS_2014
avlaS_2015
avlaS_2016
avlaS_2017
avlaS_2018
avlaS_2019
avlaS_2020
avlaS_381
avlaS_38107
avlaS_38115
avlaS_3815
avlaS_38157
avlaS_3817
avlaS_38175
avlaS_38181
avlaS_5
avlaS_507
avlaS_50715
avlaS_5077
avlaS_50781
avlaS_51381
avlaS_515
avlaS_51507
avlaS_5157
avlaS_51581
avlaS_5381
avlaS_53817
avlaS_57
avlaS_5707
avlaS_5715
avlaS_57381
avlaS_5781
avlaS_581
avlaS_58107
avlaS_58115
avlaS_5817
avlaS_7
avlaS_707
avlaS_70715
avlaS_7075
avlaS_70781
avlaS_71381
avlaS_715
avlaS_71507
avlaS_7155
avlaS_71581
avlaS_7381
avlaS_73815
avlaS_75
avlaS_7507
avlaS_7515
avlaS_75381
avlaS_7581
avlaS_781
avlaS_78107
avlaS_78115
avlaS_7815
avlaS_81
avlaS_8107
avlaS_81075
avlaS_81077
avlaS_8115
avlaS_81155
avlaS_81157
avlaS_81381
avlaS_815
avlaS_81507
avlaS_81515
avlaS_8157
avlaS_817
avlaS_81707
avlaS_81715
avlaS_8175
avlas07
avlas071381
avlas0715
avlas07155
avlas07157
avlas071581
avlas07381
avlas073815
avlas073817
avlas075
avlas07515
avlas075381
avlas0757
avlas07581
avlas077
avlas07715
avlas077381
avlas0775
avlas07781
avlas0781
avlas078115
avlas07815
avlas07817
avlas1381
avlas138107
avlas138115
avlas13815
avlas138157
avlas13817
avlas138175
avlas138181
avlas15
avlas1507
avlas15075
avlas15077
avlas150781
avlas151381
avlas15381
avlas153815
avlas153817
avlas155
avlas15507
avlas155381
avlas1557
avlas15581
avlas157
avlas15707
avlas157381
avlas1575
avlas15781
avlas1581
avlas158107
avlas15815
avlas15817
avlas2008
avlas2009
avlas2010
avlas2011
avlas2012
avlas2013
avlas2014
avlas2015
avlas2016
avlas2017
avlas2018
avlas2019
avlas2020
avlas381
avlas38107
avlas381075
avlas381077
avlas38115
avlas381155
avlas381157
avlas3815
avlas381507
avlas381515
avlas38157
avlas381581
avlas3817
avlas381707
avlas381715
avlas38175
avlas381781
avlas38181
avlas381815
avlas381817
avlas5
avlas507
avlas50715
avlas507381
avlas5077
avlas50781
avlas51381
avlas513817
avlas515
avlas51507
avlas515381
avlas5157
avlas51581
avlas5381
avlas538107
avlas538115
avlas53817
avlas538181
avlas57
avlas5707
avlas571381
avlas5715
avlas57381
avlas5781
avlas581
avlas58107
avlas58115
avlas581381
avlas5817
avlas7
avlas707
avlas70715
avlas707381
avlas7075
avlas70781
avlas71381
avlas713815
avlas715
avlas71507
avlas715381
avlas7155
avlas71581
avlas7381
avlas738107
avlas738115
avlas73815
avlas738181
avlas75
avlas7507
avlas751381
avlas7515
avlas75381
avlas7581
avlas781
avlas78107
avlas78115
avlas781381
avlas7815
avlas81
avlas8107
avlas810715
avlas81075
avlas81077
avlas811381
avlas8115
avlas811507
avlas81155
avlas81157
avlas81381
avlas813815
avlas813817
avlas815
avlas81507
avlas81515
avlas815381
avlas8157
avlas817
avlas81707
avlas81715
avlas817381
avlas8175
avlas_07
avlas_0715
avlas_07155
avlas_07157
avlas_07381
avlas_075
avlas_07515
avlas_0757
avlas_07581
avlas_077
avlas_07715
avlas_0775
avlas_07781
avlas_0781
avlas_07815
avlas_07817
avlas_1381
avlas_13815
avlas_13817
avlas_15
avlas_1507
avlas_15075
avlas_15077
avlas_15381
avlas_155
avlas_15507
avlas_1557
avlas_15581
avlas_157
avlas_15707
avlas_1575
avlas_15781
avlas_1581
avlas_15815
avlas_15817
avlas_2008
avlas_2009
avlas_2010
avlas_2011
avlas_2012
avlas_2013
avlas_2014
avlas_2015
avlas_2016
avlas_2017
avlas_2018
avlas_2019
avlas_2020
avlas_381
avlas_38107
avlas_38115
avlas_3815
avlas_38157
avlas_3817
avlas_38175
avlas_38181
avlas_5
avlas_507
avlas_50715
avlas_5077
avlas_50781
avlas_51381
avlas_515
avlas_51507
avlas_5157
avlas_51581
avlas_5381
avlas_53817
avlas_57
avlas_5707
avlas_5715
avlas_57381
avlas_5781
avlas_581
avlas_58107
avlas_58115
avlas_5817
avlas_7
avlas_707
avlas_70715
avlas_7075
avlas_70781
avlas_71381
avlas_715
avlas_71507
avlas_7155
avlas_71581
avlas_7381
avlas_73815
avlas_75
avlas_7507
avlas_7515
avlas_75381
avlas_7581
avlas_781
avlas_78107
avlas_78115
avlas_7815
avlas_81
avlas_8107
avlas_81075
avlas_81077
avlas_8115
avlas_81155
avlas_81157
avlas_81381
avlas_815
avlas_81507
avlas_81515
avlas_8157
avlas_817
avlas_81707
avlas_81715
avlas_8175
bn5m39
bn5m3907
bn5m390715
bn5m3907155
bn5m3907157
bn5m3907381
bn5m39075
bn5m3907515
bn5m390757
bn5m3907581
bn5m39077
bn5m3907715
bn5m390775
bn5m3907781
bn5m390781
bn5m3907815
bn5m3907817
bn5m391381
bn5m3913815
bn5m3913817
bn5m3915
bn5m391507
bn5m3915075
bn5m3915077
bn5m3915381
bn5m39155
bn5m3915507
bn5m391557
bn5m3915581
bn5m39157
bn5m3915707
bn5m391575
bn5m3915781
bn5m391581
bn5m3915815
bn5m3915817
bn5m392008
bn5m392009
bn5m392010
bn5m392011
bn5m392012
bn5m392013
bn5m392014
bn5m392015
bn5m392016
bn5m392017
bn5m392018
bn5m392019
bn5m392020
bn5m39381
bn5m3938107
bn5m3938115
bn5m393815
bn5m3938157
bn5m393817
bn5m3938175
bn5m3938181
bn5m395
bn5m39507
bn5m3950715
bn5m395077
bn5m3950781
bn5m3951381
bn5m39515
bn5m3951507
bn5m395157
bn5m3951581
bn5m395381
bn5m3953817
bn5m3957
bn5m395707
bn5m395715
bn5m3957381
bn5m395781
bn5m39581
bn5m3958107
bn5m3958115
bn5m395817
bn5m397
bn5m39707
bn5m3970715
bn5m397075
bn5m3970781
bn5m3971381
bn5m39715
bn5m3971507
bn5m397155
bn5m3971581
bn5m397381
bn5m3973815
bn5m3975
bn5m397507
bn5m397515
bn5m3975381
bn5m397581
bn5m39781
bn5m3978107
bn5m3978115
bn5m397815
bn5m3981
bn5m398107
bn5m3981075
bn5m3981077
bn5m398115
bn5m3981155
bn5m3981157
bn5m3981381
bn5m39815
bn5m3981507
bn5m3981515
bn5m398157
bn5m39817
bn5m3981707
bn5m3981715
bn5m398175
bn5m39_07
bn5m39_0715
bn5m39_075
bn5m39_0757
bn5m39_077
bn5m39_0775
bn5m39_0781
bn5m39_1381
bn5m39_15
bn5m39_1507
bn5m39_155
bn5m39_1557
bn5m39_157
bn5m39_1575
bn5m39_1581
bn5m39_2008
bn5m39_2009
bn5m39_2010
bn5m39_2011
bn5m39_2012
bn5m39_2013
bn5m39_2014
bn5m39_2015
bn5m39_2016
bn5m39_2017
bn5m39_2018
bn5m39_2019
bn5m39_2020
bn5m39_381
bn5m39_3815
bn5m39_3817
bn5m39_5
bn5m39_507
bn5m39_5077
bn5m39_515
bn5m39_5157
bn5m39_5381
bn5m39_57
bn5m39_5707
bn5m39_5715
bn5m39_5781
bn5m39_581
bn5m39_5817
bn5m39_7
bn5m39_707
bn5m39_7075
bn5m39_715
bn5m39_7155
bn5m39_7381
bn5m39_75
bn5m39_7507
bn5m39_7515
bn5m39_7581
bn5m39_781
bn5m39_7815
bn5m39_81
bn5m39_8107
bn5m39_8115
bn5m39_815
bn5m39_8157
bn5m39_817
bn5m39_8175
bn5m3G
bn5m3G07
bn5m3G0715
bn5m3G07155
bn5m3G07157
bn5m3G07381
bn5m3G075
bn5m3G07515
bn5m3G0757
bn5m3G07581
bn5m3G077
bn5m3G07715
bn5m3G0775
bn5m3G07781
bn5m3G0781
bn5m3G07815
bn5m3G07817
bn5m3G1381
bn5m3G13815
bn5m3G13817
bn5m3G15
bn5m3G1507
bn5m3G15075
bn5m3G15077
bn5m3G15381
bn5m3G155
bn5m3G15507
bn5m3G1557
bn5m3G15581
bn5m3G157
bn5m3G15707
bn5m3G1575
bn5m3G15781
bn5m3G1581
bn5m3G15815
bn5m3G15817
bn5m3G2008
bn5m3G2009
bn5m3G2010
bn5m3G2011
bn5m3G2012
bn5m3G2013
bn5m3G2014
bn5m3G2015
bn5m3G2016
bn5m3G2017
bn5m3G2018
bn5m3G2019
bn5m3G2020
bn5m3G381
bn5m3G38107
bn5m3G38115
bn5m3G3815
bn5m3G38157
bn5m3G3817
bn5m3G38175
bn5m3G38181
bn5m3G5
bn5m3G507
bn5m3G50715
bn5m3G5077
bn5m3G50781
bn5m3G51381
bn5m3G515
bn5m3G51507
bn5m3G5157
bn5m3G51581
bn5m3G5381
bn5m3G53817
bn5m3G57
bn5m3G5707
bn5m3G5715
bn5m3G57381
bn5m3G5781
bn5m3G581
bn5m3G58107
bn5m3G58115
bn5m3G5817
bn5m3G7
bn5m3G707
bn5m3G70715
bn5m3G7075
bn5m3G70781
bn5m3G71381
bn5m3G715
bn5m3G71507
bn5m3G7155
bn5m3G71581
bn5m3G7381
bn5m3G73815
bn5m3G75
bn5m3G7507
bn5m3G7515
bn5m3G75381
bn5m3G7581
bn5m3G781
bn5m3G78107
bn5m3G78115
bn5m3G7815
bn5m3G81
bn5m3G8107
bn5m3G81075
bn5m3G81077
bn5m3G8115
bn5m3G81155
bn5m3G81157
bn5m3G81381
bn5m3G815
bn5m3G81507
bn5m3G81515
bn5m3G8157
bn5m3G817
bn5m3G81707
bn5m3G81715
bn5m3G8175
bn5m3G_07
bn5m3G_0715
bn5m3G_075
bn5m3G_0757
bn5m3G_077
bn5m3G_0775
bn5m3G_0781
bn5m3G_1381
bn5m3G_15
bn5m3G_1507
bn5m3G_155
bn5m3G_1557
bn5m3G_157
bn5m3G_1575
bn5m3G_1581
bn5m3G_2008
bn5m3G_2009
bn5m3G_2010
bn5m3G_2011
bn5m3G_2012
bn5m3G_2013
bn5m3G_2014
bn5m3G_2015
bn5m3G_2016
bn5m3G_2017
bn5m3G_2018
bn5m3G_2019
bn5m3G_2020
bn5m3G_381
bn5m3G_3815
bn5m3G_3817
bn5m3G_5
bn5m3G_507
bn5m3G_5077
bn5m3G_515
bn5m3G_5157
bn5m3G_5381
bn5m3G_57
bn5m3G_5707
bn5m3G_5715
bn5m3G_5781
bn5m3G_581
bn5m3G_5817
bn5m3G_7
bn5m3G_707
bn5m3G_7075
bn5m3G_715
bn5m3G_7155
bn5m3G_7381
bn5m3G_75
bn5m3G_7507
bn5m3G_7515
bn5m3G_7581
bn5m3G_781
bn5m3G_7815
bn5m3G_81
bn5m3G_8107
bn5m3G_8115
bn5m3G_815
bn5m3G_8157
bn5m3G_817
bn5m3G_8175
bnsmeG
bnsmeG07
bnsmeG0715
bnsmeG07155
bnsmeG07157
bnsmeG07381
bnsmeG075
bnsmeG07515
bnsmeG0757
bnsmeG07581
bnsmeG077
bnsmeG07715
bnsmeG0775
bnsmeG07781
bnsmeG0781
bnsmeG07815
bnsmeG07817
bnsmeG1381
bnsmeG13815
bnsmeG13817
bnsmeG15
bnsmeG1507
bnsmeG15075
bnsmeG15077
bnsmeG15381
bnsmeG155
bnsmeG15507
bnsmeG1557
bnsmeG15581
bnsmeG157
bnsmeG15707
bnsmeG1575
bnsmeG15781
bnsmeG1581
bnsmeG15815
bnsmeG15817
bnsmeG2008
bnsmeG2009
bnsmeG2010
bnsmeG2011
bnsmeG2012
bnsmeG2013
bnsmeG2014
bnsmeG2015
bnsmeG2016
bnsmeG2017
bnsmeG2018
bnsmeG2019
bnsmeG2020
bnsmeG381
bnsmeG38107
bnsmeG38115
bnsmeG3815
bnsmeG38157
bnsmeG3817
bnsmeG38175
bnsmeG38181
bnsmeG5
bnsmeG507
bnsmeG50715
bnsmeG5077
bnsmeG50781
bnsmeG51381
bnsmeG515
bnsmeG51507
bnsmeG5157
bnsmeG51581
bnsmeG5381
bnsmeG53817
bnsmeG57
bnsmeG5707
bnsmeG5715
bnsmeG57381
bnsmeG5781
bnsmeG581
bnsmeG58107
bnsmeG58115
bnsmeG5817
bnsmeG7
bnsmeG707
bnsmeG70715
bnsmeG7075
bnsmeG70781
bnsmeG71381
bnsmeG715
bnsmeG71507
bnsmeG7155
bnsmeG71581
bnsmeG7381
bnsmeG73815
bnsmeG75
bnsmeG7507
bnsmeG7515
bnsmeG75381
bnsmeG7581
bnsmeG781
bnsmeG78107
bnsmeG78115
bnsmeG7815
bnsmeG81
bnsmeG8107
bnsmeG81075
bnsmeG81077
bnsmeG8115
bnsmeG81155
bnsmeG81157
bnsmeG81381
bnsmeG815
bnsmeG81507
bnsmeG81515
bnsmeG8157
bnsmeG817
bnsmeG81707
bnsmeG81715
bnsmeG8175
bnsmeG_07
bnsmeG_0715
bnsmeG_075
bnsmeG_0757
bnsmeG_077
bnsmeG_0775
bnsmeG_0781
bnsmeG_1381
bnsmeG_15
bnsmeG_1507
bnsmeG_155
bnsmeG_1557
bnsmeG_157
bnsmeG_1575
bnsmeG_1581
bnsmeG_2008
bnsmeG_2009
bnsmeG_2010
bnsmeG_2011
bnsmeG_2012
bnsmeG_2013
bnsmeG_2014
bnsmeG_2015
bnsmeG_2016
bnsmeG_2017
bnsmeG_2018
bnsmeG_2019
bnsmeG_2020
bnsmeG_381
bnsmeG_3815
bnsmeG_3817
bnsmeG_5
bnsmeG_507
bnsmeG_5077
bnsmeG_515
bnsmeG_5157
bnsmeG_5381
bnsmeG_57
bnsmeG_5707
bnsmeG_5715
bnsmeG_5781
bnsmeG_581
bnsmeG_5817
bnsmeG_7
bnsmeG_707
bnsmeG_7075
bnsmeG_715
bnsmeG_7155
bnsmeG_7381
bnsmeG_75
bnsmeG_7507
bnsmeG_7515
bnsmeG_7581
bnsmeG_781
bnsmeG_7815
bnsmeG_81
bnsmeG_8107
bnsmeG_8115
bnsmeG_815
bnsmeG_8157
bnsmeG_817
bnsmeG_8175
bnsmeg
bnsmeg07
bnsmeg0715
bnsmeg07155
bnsmeg07157
bnsmeg07381
bnsmeg075
bnsmeg07515
bnsmeg0757
bnsmeg07581
bnsmeg077
bnsmeg07715
bnsmeg0775
bnsmeg07781
bnsmeg0781
bnsmeg07815
bnsmeg07817
bnsmeg1381
bnsmeg13815
bnsmeg13817
bnsmeg15
bnsmeg1507
bnsmeg15075
bnsmeg15077
bnsmeg15381
bnsmeg155
bnsmeg15507
bnsmeg1557
bnsmeg15581
bnsmeg157
bnsmeg15707
bnsmeg1575
bnsmeg15781
bnsmeg1581
bnsmeg15815
bnsmeg15817
bnsmeg2008
bnsmeg2009
bnsmeg2010
bnsmeg2011
bnsmeg2012
bnsmeg2013
bnsmeg2014
bnsmeg2015
bnsmeg2016
bnsmeg2017
bnsmeg2018
bnsmeg2019
bnsmeg2020
bnsmeg381
bnsmeg38107
bnsmeg38115
bnsmeg3815
bnsmeg38157
bnsmeg3817
bnsmeg38175
bnsmeg38181
bnsmeg5
bnsmeg507
bnsmeg50715
bnsmeg5077
bnsmeg50781
bnsmeg51381
bnsmeg515
bnsmeg51507
bnsmeg5157
bnsmeg51581
bnsmeg5381
bnsmeg53817
bnsmeg57
bnsmeg5707
bnsmeg5715
bnsmeg57381
bnsmeg5781
bnsmeg581
bnsmeg58107
bnsmeg58115
bnsmeg5817
bnsmeg7
bnsmeg707
bnsmeg70715
bnsmeg7075
bnsmeg70781
bnsmeg71381
bnsmeg715
bnsmeg71507
bnsmeg7155
bnsmeg71581
bnsmeg7381
bnsmeg73815
bnsmeg75
bnsmeg7507
bnsmeg7515
bnsmeg75381
bnsmeg7581
bnsmeg781
bnsmeg78107
bnsmeg78115
bnsmeg7815
bnsmeg81
bnsmeg8107
bnsmeg81075
bnsmeg81077
bnsmeg8115
bnsmeg81155
bnsmeg81157
bnsmeg81381
bnsmeg815
bnsmeg81507
bnsmeg81515
bnsmeg8157
bnsmeg817
bnsmeg81707
bnsmeg81715
bnsmeg8175
bnsmeg_07
bnsmeg_0715
bnsmeg_075
bnsmeg_0757
bnsmeg_077
bnsmeg_0775
bnsmeg_0781
bnsmeg_1381
bnsmeg_15
bnsmeg_1507
bnsmeg_155
bnsmeg_1557
bnsmeg_157
bnsmeg_1575
bnsmeg_1581
bnsmeg_2008
bnsmeg_2009
bnsmeg_2010
bnsmeg_2011
bnsmeg_2012
bnsmeg_2013
bnsmeg_2014
bnsmeg_2015
bnsmeg_2016
bnsmeg_2017
bnsmeg_2018
bnsmeg_2019
bnsmeg_2020
bnsmeg_381
bnsmeg_3815
bnsmeg_3817
bnsmeg_5
bnsmeg_507
bnsmeg_5077
bnsmeg_515
bnsmeg_5157
bnsmeg_5381
bnsmeg_57
bnsmeg_5707
bnsmeg_5715
bnsmeg_5781
bnsmeg_581
bnsmeg_5817
bnsmeg_7
bnsmeg_707
bnsmeg_7075
bnsmeg_715
bnsmeg_7155
bnsmeg_7381
bnsmeg_75
bnsmeg_7507
bnsmeg_7515
bnsmeg_7581
bnsmeg_781
bnsmeg_7815
bnsmeg_81
bnsmeg_8107
bnsmeg_8115
bnsmeg_815
bnsmeg_8157
bnsmeg_817
bnsmeg_8175
gemsnb
gemsnb07
gemsnb0715
gemsnb07155
gemsnb07157
gemsnb07381
gemsnb075
gemsnb07515
gemsnb0757
gemsnb07581
gemsnb077
gemsnb07715
gemsnb0775
gemsnb07781
gemsnb0781
gemsnb07815
gemsnb07817
gemsnb1381
gemsnb13815
gemsnb13817
gemsnb15
gemsnb1507
gemsnb15075
gemsnb15077
gemsnb15381
gemsnb155
gemsnb15507
gemsnb1557
gemsnb15581
gemsnb157
gemsnb15707
gemsnb1575
gemsnb15781
gemsnb1581
gemsnb15815
gemsnb15817
gemsnb2008
gemsnb2009
gemsnb2010
gemsnb2011
gemsnb2012
gemsnb2013
gemsnb2014
gemsnb2015
gemsnb2016
gemsnb2017
gemsnb2018
gemsnb2019
gemsnb2020
gemsnb381
gemsnb38107
gemsnb38115
gemsnb3815
gemsnb38157
gemsnb3817
gemsnb38175
gemsnb38181
gemsnb5
gemsnb507
gemsnb50715
gemsnb5077
gemsnb50781
gemsnb51381
gemsnb515
gemsnb51507
gemsnb5157
gemsnb51581
gemsnb5381
gemsnb53817
gemsnb57
gemsnb5707
gemsnb5715
gemsnb57381
gemsnb5781
gemsnb581
gemsnb58107
gemsnb58115
gemsnb5817
gemsnb7
gemsnb707
gemsnb70715
gemsnb7075
gemsnb70781
gemsnb71381
gemsnb715
gemsnb71507
gemsnb7155
gemsnb71581
gemsnb7381
gemsnb73815
gemsnb75
gemsnb7507
gemsnb7515
gemsnb75381
gemsnb7581
gemsnb781
gemsnb78107
gemsnb78115
gemsnb7815
gemsnb81
gemsnb8107
gemsnb81075
gemsnb81077
gemsnb8115
gemsnb81155
gemsnb81157
gemsnb81381
gemsnb815
gemsnb81507
gemsnb81515
gemsnb8157
gemsnb817
gemsnb81707
gemsnb81715
gemsnb8175
gemsnbNb
gemsnbNb07
gemsnbNb075
gemsnbNb077
gemsnbNb15
gemsnbNb155
gemsnbNb157
gemsnbNb381
gemsnbNb5
gemsnbNb507
gemsnbNb515
gemsnbNb57
gemsnbNb581
gemsnbNb7
gemsnbNb707
gemsnbNb715
gemsnbNb75
gemsnbNb781
gemsnbNb81
gemsnbNb815
gemsnbNb817
gemsnbNb_07
gemsnbNb_15
gemsnbNb_5
gemsnbNb_57
gemsnbNb_7
gemsnbNb_75
gemsnbNb_81
gemsnbSalva
gemsnb_07
gemsnb_0715
gemsnb_075
gemsnb_0757
gemsnb_077
gemsnb_0775
gemsnb_0781
gemsnb_1381
gemsnb_15
gemsnb_1507
gemsnb_155
gemsnb_1557
gemsnb_157
gemsnb_1575
gemsnb_1581
gemsnb_2008
gemsnb_2009
gemsnb_2010
gemsnb_2011
gemsnb_2012
gemsnb_2013
gemsnb_2014
gemsnb_2015
gemsnb_2016
gemsnb_2017
gemsnb_2018
gemsnb_2019
gemsnb_2020
gemsnb_381
gemsnb_3815
gemsnb_3817
gemsnb_5
gemsnb_507
gemsnb_5077
gemsnb_515
gemsnb_5157
gemsnb_5381
gemsnb_57
gemsnb_5707
gemsnb_5715
gemsnb_5781
gemsnb_581
gemsnb_5817
gemsnb_7
gemsnb_707
gemsnb_7075
gemsnb_715
gemsnb_7155
gemsnb_7381
gemsnb_75
gemsnb_7507
gemsnb_7515
gemsnb_7581
gemsnb_781
gemsnb_7815
gemsnb_81
gemsnb_8107
gemsnb_8115
gemsnb_815
gemsnb_8157
gemsnb_817
gemsnb_8175
gemsnbnb
gemsnbnb07
gemsnbnb075
gemsnbnb077
gemsnbnb15
gemsnbnb155
gemsnbnb157
gemsnbnb381
gemsnbnb5
gemsnbnb507
gemsnbnb515
gemsnbnb57
gemsnbnb581
gemsnbnb7
gemsnbnb707
gemsnbnb715
gemsnbnb75
gemsnbnb781
gemsnbnb81
gemsnbnb815
gemsnbnb817
gemsnbnb_07
gemsnbnb_15
gemsnbnb_5
gemsnbnb_57
gemsnbnb_7
gemsnbnb_75
gemsnbnb_81
gemsnbsalva
n0b4r1
n0b4r12008
n0b4r12009
n0b4r12010
n0b4r12011
n0b4r12012
n0b4r12013
n0b4r12014
n0b4r12015
n0b4r12016
n0b4r12017
n0b4r12018
n0b4r12019
n0b4r12020
n0b4r1Nb
n0b4r1Nb_
n0b4r1_
n0b4r1_2008
n0b4r1_2009
n0b4r1_2010
n0b4r1_2011
n0b4r1_2012
n0b4r1_2013
n0b4r1_2014
n0b4r1_2015
n0b4r1_2016
n0b4r1_2017
n0b4r1_2018
n0b4r1_2019
n0b4r1_2020
n0b4r1nb
n0b4r1nb_
nb071381
nb071381
nb07138115
nb07138115
nb071381381
nb071381381
nb0713815
nb0713815
nb0713817
nb0713817
nb07138181
nb07138181
nb0715
nb0715
nb07151381
nb07151381
nb0715381
nb0715381
nb07155
nb07155
nb07157
nb07157
nb071581
nb071581
nb07381
nb07381
nb073811381
nb073811381
nb0738115
nb0738115
nb073815
nb073815
nb073817
nb073817
nb0738181
nb0738181
nb0751381
nb0751381
nb07515
nb07515
nb075381
nb075381
nb0757
nb0757
nb07581
nb07581
nb0771381
nb0771381
nb07715
nb07715
nb077381
nb077381
nb0775
nb0775
nb07781
nb07781
nb0781
nb0781
nb07811381
nb07811381
nb078115
nb078115
nb0781381
nb0781381
nb07815
nb07815
nb07817
nb07817
nb1381
nb1381
nb138107
nb138107
nb13810715
nb13810715
nb138107381
nb138107381
nb1381075
nb1381075
nb1381077
nb1381077
nb13810781
nb13810781
nb138115
nb138115
nb13811507
nb13811507
nb138115381
nb138115381
nb1381155
nb1381155
nb1381157
nb1381157
nb13811581
nb13811581
nb1381381
nb1381381
nb138138107
nb138138107
nb138138115
nb138138115
nb13813815
nb13813815
nb13813817
nb13813817
nb138138181
nb138138181
nb13815
nb13815
nb1381507
nb1381507
nb1381515
nb1381515
nb13815381
nb13815381
nb138157
nb138157
nb1381581
nb1381581
nb13817
nb13817
nb1381707
nb1381707
nb1381715
nb1381715
nb13817381
nb13817381
nb138175
nb138175
nb1381781
nb1381781
nb138181
nb138181
nb13818107
nb13818107
nb13818115
nb13818115
nb138181381
nb138181381
nb1381815
nb1381815
nb1381817
nb1381817
nb1507
nb1507
nb15071381
nb15071381
nb1507381
nb1507381
nb15075
nb15075
nb15077
nb15077
nb150781
nb150781
nb151381
nb151381
nb15138107
nb15138107
nb151381381
nb151381381
nb1513815
nb1513815
nb1513817
nb1513817
nb15138181
nb15138181
nb15381
nb15381
nb1538107
nb1538107
nb153811381
nb153811381
nb153815
nb153815
nb153817
nb153817
nb1538181
nb1538181
nb15507
nb15507
nb1551381
nb1551381
nb155381
nb155381
nb1557
nb1557
nb15581
nb15581
nb15707
nb15707
nb1571381
nb1571381
nb157381
nb157381
nb1575
nb1575
nb15781
nb15781
nb1581
nb1581
nb158107
nb158107
nb15811381
nb15811381
nb1581381
nb1581381
nb15815
nb15815
nb15817
nb15817
nb2008
nb2008
nb2009
nb2009
nb2010
nb2010
nb2011
nb2011
nb2012
nb2012
nb2013
nb2013
nb2014
nb2014
nb2015
nb2015
nb2016
nb2016
nb2017
nb2017
nb2018
nb2018
nb2019
nb2019
nb2020
nb2020
nb38107
nb38107
nb381071381
nb381071381
nb3810715
nb3810715
nb381075
nb381075
nb381077
nb381077
nb3810781
nb3810781
nb3811381
nb3811381
nb381138107
nb381138107
nb381138115
nb381138115
nb38113815
nb38113815
nb38113817
nb38113817
nb381138181
nb381138181
nb38115
nb38115
nb3811507
nb3811507
nb381151381
nb381151381
nb381155
nb381155
nb381157
nb381157
nb3811581
nb3811581
nb3815
nb3815
nb381507
nb381507
nb38151381
nb38151381
nb381515
nb381515
nb38157
nb38157
nb381581
nb381581
nb3817
nb3817
nb381707
nb381707
nb38171381
nb38171381
nb381715
nb381715
nb38175
nb38175
nb381781
nb381781
nb38181
nb38181
nb3818107
nb3818107
nb381811381
nb381811381
nb3818115
nb3818115
nb381815
nb381815
nb381817
nb381817
nb5071381
nb5071381
nb50715
nb50715
nb507381
nb507381
nb5077
nb5077
nb50781
nb50781
nb51381
nb51381
nb5138107
nb5138107
nb5138115
nb5138115
nb51381381
nb51381381
nb513817
nb513817
nb5138181
nb5138181
nb51507
nb51507
nb5151381
nb5151381
nb515381
nb515381
nb5157
nb5157
nb51581
nb51581
nb5381
nb5381
nb538107
nb538107
nb53811381
nb53811381
nb538115
nb538115
nb53817
nb53817
nb538181
nb538181
nb54lv4
nb54lv407
nb54lv40715
nb54lv4075
nb54lv40757
nb54lv4077
nb54lv40775
nb54lv40781
nb54lv41381
nb54lv415
nb54lv41507
nb54lv4155
nb54lv41557
nb54lv4157
nb54lv41575
nb54lv41581
nb54lv42008
nb54lv42009
nb54lv42010
nb54lv42011
nb54lv42012
nb54lv42013
nb54lv42014
nb54lv42015
nb54lv42016
nb54lv42017
nb54lv42018
nb54lv42019
nb54lv42020
nb54lv4381
nb54lv43815
nb54lv43817
nb54lv45
nb54lv4507
nb54lv45077
nb54lv4515
nb54lv45157
nb54lv45381
nb54lv457
nb54lv45707
nb54lv45715
nb54lv45781
nb54lv4581
nb54lv45817
nb54lv47
nb54lv4707
nb54lv47075
nb54lv4715
nb54lv47155
nb54lv47381
nb54lv475
nb54lv47507
nb54lv47515
nb54lv47581
nb54lv4781
nb54lv47815
nb54lv481
nb54lv48107
nb54lv48115
nb54lv4815
nb54lv48157
nb54lv4817
nb54lv48175
nb54lv4_07
nb54lv4_075
nb54lv4_077
nb54lv4_15
nb54lv4_155
nb54lv4_157
nb54lv4_381
nb54lv4_5
nb54lv4_507
nb54lv4_515
nb54lv4_57
nb54lv4_581
nb54lv4_7
nb54lv4_707
nb54lv4_715
nb54lv4_75
nb54lv4_781
nb54lv4_81
nb54lv4_815
nb54lv4_817
nb5707
nb5707
nb571381
nb571381
nb5715
nb5715
nb57381
nb57381
nb5781
nb5781
nb58107
nb58107
nb5811381
nb5811381
nb58115
nb58115
nb581381
nb581381
nb5817
nb5817
nb7071381
nb7071381
nb70715
nb70715
nb707381
nb707381
nb7075
nb7075
nb70781
nb70781
nb71381
nb71381
nb7138107
nb7138107
nb7138115
nb7138115
nb71381381
nb71381381
nb713815
nb713815
nb7138181
nb7138181
nb71507
nb71507
nb7151381
nb7151381
nb715381
nb715381
nb7155
nb7155
nb71581
nb71581
nb7381
nb7381
nb738107
nb738107
nb73811381
nb73811381
nb738115
nb738115
nb73815
nb73815
nb738181
nb738181
nb7507
nb7507
nb751381
nb751381
nb7515
nb7515
nb75381
nb75381
nb7581
nb7581
nb78107
nb78107
nb7811381
nb7811381
nb78115
nb78115
nb781381
nb781381
nb7815
nb7815
nb8107
nb8107
nb81071381
nb81071381
nb810715
nb810715
nb8107381
nb8107381
nb81075
nb81075
nb81077
nb81077
nb811381
nb811381
nb81138107
nb81138107
nb81138115
nb81138115
nb811381381
nb811381381
nb8113815
nb8113815
nb8113817
nb8113817
nb8115
nb8115
nb811507
nb811507
nb81151381
nb81151381
nb8115381
nb8115381
nb81155
nb81155
nb81157
nb81157
nb81381
nb81381
nb8138107
nb8138107
nb813811381
nb813811381
nb8138115
nb8138115
nb813815
nb813815
nb813817
nb813817
nb81507
nb81507
nb8151381
nb8151381
nb81515
nb81515
nb815381
nb815381
nb8157
nb8157
nb81707
nb81707
nb8171381
nb8171381
nb81715
nb81715
nb817381
nb817381
nb8175
nb8175
nb93m5nb
nb93m5nb07
nb93m5nb075
nb93m5nb077
nb93m5nb15
nb93m5nb155
nb93m5nb157
nb93m5nb381
nb93m5nb5
nb93m5nb507
nb93m5nb515
nb93m5nb57
nb93m5nb581
nb93m5nb7
nb93m5nb707
nb93m5nb715
nb93m5nb75
nb93m5nb781
nb93m5nb81
nb93m5nb815
nb93m5nb817
nb93m5nb_07
nb93m5nb_15
nb93m5nb_5
nb93m5nb_57
nb93m5nb_7
nb93m5nb_75
nb93m5nb_81
nbG3m5nb
nbG3m5nb07
nbG3m5nb075
nbG3m5nb077
nbG3m5nb15
nbG3m5nb155
nbG3m5nb157
nbG3m5nb381
nbG3m5nb5
nbG3m5nb507
nbG3m5nb515
nbG3m5nb57
nbG3m5nb581
nbG3m5nb7
nbG3m5nb707
nbG3m5nb715
nbG3m5nb75
nbG3m5nb781
nbG3m5nb81
nbG3m5nb815
nbG3m5nb817
nbG3m5nb_07
nbG3m5nb_15
nbG3m5nb_5
nbG3m5nb_57
nbG3m5nb_7
nbG3m5nb_75
nbG3m5nb_81
nbGemsnb
nbGemsnb07
nbGemsnb075
nbGemsnb077
nbGemsnb15
nbGemsnb155
nbGemsnb157
nbGemsnb381
nbGemsnb5
nbGemsnb507
nbGemsnb515
nbGemsnb57
nbGemsnb581
nbGemsnb7
nbGemsnb707
nbGemsnb715
nbGemsnb75
nbGemsnb781
nbGemsnb81
nbGemsnb815
nbGemsnb817
nbGemsnb_07
nbGemsnb_15
nbGemsnb_5
nbGemsnb_57
nbGemsnb_7
nbGemsnb_75
nbGemsnb_81
nbN0b4r1
nbN0b4r1_
nbNobari
nbNobari_
nbS4lv4
nbS4lv407
nbS4lv40715
nbS4lv4075
nbS4lv40757
nbS4lv4077
nbS4lv40775
nbS4lv40781
nbS4lv41381
nbS4lv415
nbS4lv41507
nbS4lv4155
nbS4lv41557
nbS4lv4157
nbS4lv41575
nbS4lv41581
nbS4lv42008
nbS4lv42009
nbS4lv42010
nbS4lv42011
nbS4lv42012
nbS4lv42013
nbS4lv42014
nbS4lv42015
nbS4lv42016
nbS4lv42017
nbS4lv42018
nbS4lv42019
nbS4lv42020
nbS4lv4381
nbS4lv43815
nbS4lv43817
nbS4lv45
nbS4lv4507
nbS4lv45077
nbS4lv4515
nbS4lv45157
nbS4lv45381
nbS4lv457
nbS4lv45707
nbS4lv45715
nbS4lv45781
nbS4lv4581
nbS4lv45817
nbS4lv47
nbS4lv4707
nbS4lv47075
nbS4lv4715
nbS4lv47155
nbS4lv47381
nbS4lv475
nbS4lv47507
nbS4lv47515
nbS4lv47581
nbS4lv4781
nbS4lv47815
nbS4lv481
nbS4lv48107
nbS4lv48115
nbS4lv4815
nbS4lv48157
nbS4lv4817
nbS4lv48175
nbS4lv4_07
nbS4lv4_075
nbS4lv4_077
nbS4lv4_15
nbS4lv4_155
nbS4lv4_157
nbS4lv4_381
nbS4lv4_5
nbS4lv4_507
nbS4lv4_515
nbS4lv4_57
nbS4lv4_581
nbS4lv4_7
nbS4lv4_707
nbS4lv4_715
nbS4lv4_75
nbS4lv4_781
nbS4lv4_81
nbS4lv4_815
nbS4lv4_817
nbSalva
nbSalva07
nbSalva0715
nbSalva075
nbSalva0757
nbSalva077
nbSalva0775
nbSalva0781
nbSalva1381
nbSalva15
nbSalva1507
nbSalva155
nbSalva1557
nbSalva157
nbSalva1575
nbSalva1581
nbSalva2008
nbSalva2009
nbSalva2010
nbSalva2011
nbSalva2012
nbSalva2013
nbSalva2014
nbSalva2015
nbSalva2016
nbSalva2017
nbSalva2018
nbSalva2019
nbSalva2020
nbSalva381
nbSalva3815
nbSalva3817
nbSalva5
nbSalva507
nbSalva5077
nbSalva515
nbSalva5157
nbSalva5381
nbSalva57
nbSalva5707
nbSalva5715
nbSalva5781
nbSalva581
nbSalva5817
nbSalva7
nbSalva707
nbSalva7075
nbSalva715
nbSalva7155
nbSalva7381
nbSalva75
nbSalva7507
nbSalva7515
nbSalva7581
nbSalva781
nbSalva7815
nbSalva81
nbSalva8107
nbSalva8115
nbSalva815
nbSalva8157
nbSalva817
nbSalva8175
nbSalva_07
nbSalva_075
nbSalva_077
nbSalva_15
nbSalva_155
nbSalva_157
nbSalva_381
nbSalva_5
nbSalva_507
nbSalva_515
nbSalva_57
nbSalva_581
nbSalva_7
nbSalva_707
nbSalva_715
nbSalva_75
nbSalva_781
nbSalva_81
nbSalva_815
nbSalva_817
nb_071381
nb_071381
nb_07138115
nb_07138115
nb_0713815
nb_0713815
nb_0713817
nb_0713817
nb_07138181
nb_07138181
nb_0715
nb_0715
nb_07151381
nb_07151381
nb_0715381
nb_0715381
nb_07155
nb_07155
nb_07157
nb_07157
nb_071581
nb_071581
nb_07381
nb_07381
nb_0738115
nb_0738115
nb_073815
nb_073815
nb_073817
nb_073817
nb_0738181
nb_0738181
nb_075
nb_075
nb_0751381
nb_0751381
nb_07515
nb_07515
nb_075381
nb_075381
nb_0757
nb_0757
nb_07581
nb_07581
nb_077
nb_077
nb_0771381
nb_0771381
nb_07715
nb_07715
nb_077381
nb_077381
nb_0775
nb_0775
nb_07781
nb_07781
nb_0781
nb_0781
nb_07811381
nb_07811381
nb_078115
nb_078115
nb_0781381
nb_0781381
nb_07815
nb_07815
nb_07817
nb_07817
nb_1381
nb_1381
nb_138107
nb_138107
nb_13810715
nb_13810715
nb_1381075
nb_1381075
nb_1381077
nb_1381077
nb_13810781
nb_13810781
nb_138115
nb_138115
nb_13811507
nb_13811507
nb_1381155
nb_1381155
nb_1381157
nb_1381157
nb_13811581
nb_13811581
nb_1381381
nb_1381381
nb_13813815
nb_13813815
nb_13813817
nb_13813817
nb_13815
nb_13815
nb_1381507
nb_1381507
nb_1381515
nb_1381515
nb_13815381
nb_13815381
nb_138157
nb_138157
nb_1381581
nb_1381581
nb_13817
nb_13817
nb_1381707
nb_1381707
nb_1381715
nb_1381715
nb_13817381
nb_13817381
nb_138175
nb_138175
nb_1381781
nb_1381781
nb_138181
nb_138181
nb_13818107
nb_13818107
nb_13818115
nb_13818115
nb_1381815
nb_1381815
nb_1381817
nb_1381817
nb_1507
nb_1507
nb_15071381
nb_15071381
nb_1507381
nb_1507381
nb_15075
nb_15075
nb_15077
nb_15077
nb_150781
nb_150781
nb_151381
nb_151381
nb_15138107
nb_15138107
nb_1513815
nb_1513815
nb_1513817
nb_1513817
nb_15138181
nb_15138181
nb_15381
nb_15381
nb_1538107
nb_1538107
nb_153815
nb_153815
nb_153817
nb_153817
nb_1538181
nb_1538181
nb_155
nb_155
nb_15507
nb_15507
nb_1551381
nb_1551381
nb_155381
nb_155381
nb_1557
nb_1557
nb_15581
nb_15581
nb_157
nb_157
nb_15707
nb_15707
nb_1571381
nb_1571381
nb_157381
nb_157381
nb_1575
nb_1575
nb_15781
nb_15781
nb_1581
nb_1581
nb_158107
nb_158107
nb_15811381
nb_15811381
nb_1581381
nb_1581381
nb_15815
nb_15815
nb_15817
nb_15817
nb_2008
nb_2008
nb_2009
nb_2009
nb_2010
nb_2010
nb_2011
nb_2011
nb_2012
nb_2012
nb_2013
nb_2013
nb_2014
nb_2014
nb_2015
nb_2015
nb_2016
nb_2016
nb_2017
nb_2017
nb_2018
nb_2018
nb_2019
nb_2019
nb_2020
nb_2020
nb_381
nb_381
nb_38107
nb_38107
nb_3810715
nb_3810715
nb_381075
nb_381075
nb_381077
nb_381077
nb_3810781
nb_3810781
nb_3811381
nb_3811381
nb_38113815
nb_38113815
nb_38113817
nb_38113817
nb_38115
nb_38115
nb_3811507
nb_3811507
nb_381155
nb_381155
nb_381157
nb_381157
nb_3811581
nb_3811581
nb_3815
nb_3815
nb_381507
nb_381507
nb_38151381
nb_38151381
nb_381515
nb_381515
nb_38157
nb_38157
nb_381581
nb_381581
nb_3817
nb_3817
nb_381707
nb_381707
nb_38171381
nb_38171381
nb_381715
nb_381715
nb_38175
nb_38175
nb_381781
nb_381781
nb_38181
nb_38181
nb_3818107
nb_3818107
nb_3818115
nb_3818115
nb_381815
nb_381815
nb_381817
nb_381817
nb_507
nb_507
nb_5071381
nb_5071381
nb_50715
nb_50715
nb_507381
nb_507381
nb_5077
nb_5077
nb_50781
nb_50781
nb_51381
nb_51381
nb_5138107
nb_5138107
nb_5138115
nb_5138115
nb_51381381
nb_51381381
nb_513817
nb_513817
nb_5138181
nb_5138181
nb_515
nb_515
nb_51507
nb_51507
nb_5151381
nb_5151381
nb_515381
nb_515381
nb_5157
nb_5157
nb_51581
nb_51581
nb_5381
nb_5381
nb_538107
nb_538107
nb_53811381
nb_53811381
nb_538115
nb_538115
nb_53817
nb_53817
nb_538181
nb_538181
nb_5707
nb_5707
nb_571381
nb_571381
nb_5715
nb_5715
nb_57381
nb_57381
nb_5781
nb_5781
nb_581
nb_581
nb_58107
nb_58107
nb_5811381
nb_5811381
nb_58115
nb_58115
nb_581381
nb_581381
nb_5817
nb_5817
nb_707
nb_707
nb_7071381
nb_7071381
nb_70715
nb_70715
nb_707381
nb_707381
nb_7075
nb_7075
nb_70781
nb_70781
nb_71381
nb_71381
nb_7138107
nb_7138107
nb_7138115
nb_7138115
nb_71381381
nb_71381381
nb_713815
nb_713815
nb_7138181
nb_7138181
nb_715
nb_715
nb_71507
nb_71507
nb_7151381
nb_7151381
nb_715381
nb_715381
nb_7155
nb_7155
nb_71581
nb_71581
nb_7381
nb_7381
nb_738107
nb_738107
nb_73811381
nb_73811381
nb_738115
nb_738115
nb_73815
nb_73815
nb_738181
nb_738181
nb_7507
nb_7507
nb_751381
nb_751381
nb_7515
nb_7515
nb_75381
nb_75381
nb_7581
nb_7581
nb_781
nb_781
nb_78107
nb_78107
nb_7811381
nb_7811381
nb_78115
nb_78115
nb_781381
nb_781381
nb_7815
nb_7815
nb_8107
nb_8107
nb_81071381
nb_81071381
nb_810715
nb_810715
nb_8107381
nb_8107381
nb_81075
nb_81075
nb_81077
nb_81077
nb_811381
nb_811381
nb_81138107
nb_81138107
nb_81138115
nb_81138115
nb_8113815
nb_8113815
nb_8113817
nb_8113817
nb_8115
nb_8115
nb_811507
nb_811507
nb_81151381
nb_81151381
nb_8115381
nb_8115381
nb_81155
nb_81155
nb_81157
nb_81157
nb_81381
nb_81381
nb_8138107
nb_8138107
nb_8138115
nb_8138115
nb_813815
nb_813815
nb_813817
nb_813817
nb_815
nb_815
nb_81507
nb_81507
nb_8151381
nb_8151381
nb_81515
nb_81515
nb_815381
nb_815381
nb_8157
nb_8157
nb_817
nb_817
nb_81707
nb_81707
nb_8171381
nb_8171381
nb_81715
nb_81715
nb_817381
nb_817381
nb_8175
nb_8175
nbgemsnb
nbgemsnb07
nbgemsnb075
nbgemsnb077
nbgemsnb15
nbgemsnb155
nbgemsnb157
nbgemsnb381
nbgemsnb5
nbgemsnb507
nbgemsnb515
nbgemsnb57
nbgemsnb581
nbgemsnb7
nbgemsnb707
nbgemsnb715
nbgemsnb75
nbgemsnb781
nbgemsnb81
nbgemsnb815
nbgemsnb817
nbgemsnb_07
nbgemsnb_15
nbgemsnb_5
nbgemsnb_57
nbgemsnb_7
nbgemsnb_75
nbgemsnb_81
nbn0b4r1
nbn0b4r1_
nbnobari
nbnobari_
nbsalva
nbsalva07
nbsalva0715
nbsalva075
nbsalva0757
nbsalva077
nbsalva0775
nbsalva0781
nbsalva1381
nbsalva15
nbsalva1507
nbsalva155
nbsalva1557
nbsalva157
nbsalva1575
nbsalva1581
nbsalva2008
nbsalva2009
nbsalva2010
nbsalva2011
nbsalva2012
nbsalva2013
nbsalva2014
nbsalva2015
nbsalva2016
nbsalva2017
nbsalva2018
nbsalva2019
nbsalva2020
nbsalva381
nbsalva3815
nbsalva3817
nbsalva5
nbsalva507
nbsalva5077
nbsalva515
nbsalva5157
nbsalva5381
nbsalva57
nbsalva5707
nbsalva5715
nbsalva5781
nbsalva581
nbsalva5817
nbsalva7
nbsalva707
nbsalva7075
nbsalva715
nbsalva7155
nbsalva7381
nbsalva75
nbsalva7507
nbsalva7515
nbsalva7581
nbsalva781
nbsalva7815
nbsalva81
nbsalva8107
nbsalva8115
nbsalva815
nbsalva8157
nbsalva817
nbsalva8175
nbsalva_07
nbsalva_075
nbsalva_077
nbsalva_15
nbsalva_155
nbsalva_157
nbsalva_381
nbsalva_5
nbsalva_507
nbsalva_515
nbsalva_57
nbsalva_581
nbsalva_7
nbsalva_707
nbsalva_715
nbsalva_75
nbsalva_781
nbsalva_81
nbsalva_815
nbsalva_817
nobari
nobari2008
nobari2009
nobari2010
nobari2011
nobari2012
nobari2013
nobari2014
nobari2015
nobari2016
nobari2017
nobari2018
nobari2019
nobari2020
nobariNb
nobariNb_
nobari_
nobari_2008
nobari_2009
nobari_2010
nobari_2011
nobari_2012
nobari_2013
nobari_2014
nobari_2015
nobari_2016
nobari_2017
nobari_2018
nobari_2019
nobari_2020
nobarinb
nobarinb_
salva07
salva071381
salva0715
salva07155
salva07157
salva071581
salva07381
salva073815
salva073817
salva075
salva07515
salva075381
salva0757
salva07581
salva077
salva07715
salva077381
salva0775
salva07781
salva0781
salva078115
salva07815
salva07817
salva1381
salva138107
salva138115
salva13815
salva138157
salva13817
salva138175
salva138181
salva15
salva1507
salva15075
salva15077
salva150781
salva151381
salva15381
salva153815
salva153817
salva155
salva15507
salva155381
salva1557
salva15581
salva157
salva15707
salva157381
salva1575
salva15781
salva1581
salva158107
salva15815
salva15817
salva2008
salva2009
salva2010
salva2011
salva2012
salva2013
salva2014
salva2015
salva2016
salva2017
salva2018
salva2019
salva2020
salva381
salva38107
salva381075
salva381077
salva38115
salva381155
salva381157
salva3815
salva381507
salva381515
salva38157
salva381581
salva3817
salva381707
salva381715
salva38175
salva381781
salva38181
salva381815
salva381817
salva5
salva507
salva50715
salva507381
salva5077
salva50781
salva51381
salva513817
salva515
salva51507
salva515381
salva5157
salva51581
salva5381
salva538107
salva538115
salva53817
salva538181
salva57
salva5707
salva571381
salva5715
salva57381
salva5781
salva581
salva58107
salva58115
salva581381
salva5817
salva7
salva707
salva70715
salva707381
salva7075
salva70781
salva71381
salva713815
salva715
salva71507
salva715381
salva7155
salva71581
salva7381
salva738107
salva738115
salva73815
salva738181
salva75
salva7507
salva751381
salva7515
salva75381
salva7581
salva781
salva78107
salva78115
salva781381
salva7815
salva81
salva8107
salva810715
salva81075
salva81077
salva811381
salva8115
salva811507
salva81155
salva81157
salva81381
salva813815
salva813817
salva815
salva81507
salva81515
salva815381
salva8157
salva817
salva81707
salva81715
salva817381
salva8175
salvaGemsnb
salvaNb
salvaNb07
salvaNb0715
salvaNb075
salvaNb0757
salvaNb077
salvaNb0775
salvaNb0781
salvaNb1381
salvaNb15
salvaNb1507
salvaNb155
salvaNb1557
salvaNb157
salvaNb1575
salvaNb1581
salvaNb2008
salvaNb2009
salvaNb2010
salvaNb2011
salvaNb2012
salvaNb2013
salvaNb2014
salvaNb2015
salvaNb2016
salvaNb2017
salvaNb2018
salvaNb2019
salvaNb2020
salvaNb381
salvaNb3815
salvaNb3817
salvaNb5
salvaNb507
salvaNb5077
salvaNb515
salvaNb5157
salvaNb5381
salvaNb57
salvaNb5707
salvaNb5715
salvaNb5781
salvaNb581
salvaNb5817
salvaNb7
salvaNb707
salvaNb7075
salvaNb715
salvaNb7155
salvaNb7381
salvaNb75
salvaNb7507
salvaNb7515
salvaNb7581
salvaNb781
salvaNb7815
salvaNb81
salvaNb8107
salvaNb8115
salvaNb815
salvaNb8157
salvaNb817
salvaNb8175
salvaNb_07
salvaNb_075
salvaNb_077
salvaNb_15
salvaNb_155
salvaNb_157
salvaNb_381
salvaNb_5
salvaNb_507
salvaNb_515
salvaNb_57
salvaNb_581
salvaNb_7
salvaNb_707
salvaNb_715
salvaNb_75
salvaNb_781
salvaNb_81
salvaNb_815
salvaNb_817
salva_07
salva_0715
salva_07155
salva_07157
salva_07381
salva_075
salva_07515
salva_0757
salva_07581
salva_077
salva_07715
salva_0775
salva_07781
salva_0781
salva_07815
salva_07817
salva_1381
salva_13815
salva_13817
salva_15
salva_1507
salva_15075
salva_15077
salva_15381
salva_155
salva_15507
salva_1557
salva_15581
salva_157
salva_15707
salva_1575
salva_15781
salva_1581
salva_15815
salva_15817
salva_2008
salva_2009
salva_2010
salva_2011
salva_2012
salva_2013
salva_2014
salva_2015
salva_2016
salva_2017
salva_2018
salva_2019
salva_2020
salva_381
salva_38107
salva_38115
salva_3815
salva_38157
salva_3817
salva_38175
salva_38181
salva_5
salva_507
salva_50715
salva_5077
salva_50781
salva_51381
salva_515
salva_51507
salva_5157
salva_51581
salva_5381
salva_53817
salva_57
salva_5707
salva_5715
salva_57381
salva_5781
salva_581
salva_58107
salva_58115
salva_5817
salva_7
salva_707
salva_70715
salva_7075
salva_70781
salva_71381
salva_715
salva_71507
salva_7155
salva_71581
salva_7381
salva_73815
salva_75
salva_7507
salva_7515
salva_75381
salva_7581
salva_781
salva_78107
salva_78115
salva_7815
salva_81
salva_8107
salva_81075
salva_81077
salva_8115
salva_81155
salva_81157
salva_81381
salva_815
salva_81507
salva_81515
salva_8157
salva_817
salva_81707
salva_81715
salva_8175
salvagemsnb
salvanb
salvanb07
salvanb0715
salvanb075
salvanb0757
salvanb077
salvanb0775
salvanb0781
salvanb1381
salvanb15
salvanb1507
salvanb155
salvanb1557
salvanb157
salvanb1575
salvanb1581
salvanb2008
salvanb2009
salvanb2010
salvanb2011
salvanb2012
salvanb2013
salvanb2014
salvanb2015
salvanb2016
salvanb2017
salvanb2018
salvanb2019
salvanb2020
salvanb381
salvanb3815
salvanb3817
salvanb5
salvanb507
salvanb5077
salvanb515
salvanb5157
salvanb5381
salvanb57
salvanb5707
salvanb5715
salvanb5781
salvanb581
salvanb5817
salvanb7
salvanb707
salvanb7075
salvanb715
salvanb7155
salvanb7381
salvanb75
salvanb7507
salvanb7515
salvanb7581
salvanb781
salvanb7815
salvanb81
salvanb8107
salvanb8115
salvanb815
salvanb8157
salvanb817
salvanb8175
salvanb_07
salvanb_075
salvanb_077
salvanb_15
salvanb_155
salvanb_157
salvanb_381
salvanb_5
salvanb_507
salvanb_515
salvanb_57
salvanb_581
salvanb_7
salvanb_707
salvanb_715
salvanb_75
salvanb_781
salvanb_81
salvanb_815
salvanb_817